[2026-04-29T12:13:04.149Z] 8-2 ブライニクル: search start (pool=一刺果待搦玉強速拳飛奏焦毒礁霊魔, bosses=1, bossIndexes=all, kamiwazaLimit=1, seeds=0, require=-, sampleLimit=20, maxChecks=none).
[2026-04-29T12:13:04.168Z] 8-2 ブライニクル: found #1 一一一果一 after 33 checks.
[2026-04-29T12:13:04.169Z] 8-2 ブライニクル: found #2 一一一果刺 after 34 checks.
[2026-04-29T12:13:04.170Z] 8-2 ブライニクル: found #3 一一一果果 after 35 checks.
[2026-04-29T12:13:04.170Z] 8-2 ブライニクル: found #4 一一一果待 after 36 checks.
[2026-04-29T12:13:04.174Z] 8-2 ブライニクル: found #5 一一一果搦 after 37 checks.
[2026-04-29T12:13:04.175Z] 8-2 ブライニクル: found #6 一一一果玉 after 38 checks.
[2026-04-29T12:13:04.175Z] 8-2 ブライニクル: found #7 一一一果強 after 39 checks.
[2026-04-29T12:13:04.176Z] 8-2 ブライニクル: found #8 一一一果速 after 40 checks.
[2026-04-29T12:13:04.176Z] 8-2 ブライニクル: found #9 一一一果拳 after 41 checks.
[2026-04-29T12:13:04.177Z] 8-2 ブライニクル: found #10 一一一果飛 after 42 checks.
[2026-04-29T12:13:04.177Z] 8-2 ブライニクル: found #11 一一一果焦 after 44 checks.
[2026-04-29T12:13:04.178Z] 8-2 ブライニクル: found #12 一一一果毒 after 45 checks.
[2026-04-29T12:13:04.178Z] 8-2 ブライニクル: found #13 一一一果礁 after 46 checks.
[2026-04-29T12:13:04.179Z] 8-2 ブライニクル: found #14 一一一果霊 after 47 checks.
[2026-04-29T12:13:04.179Z] 8-2 ブライニクル: found #15 一一一果魔 after 48 checks.
[2026-04-29T12:13:04.180Z] 8-2 ブライニクル: found #16 一一一待果 after 51 checks.
[2026-04-29T12:13:04.183Z] 8-2 ブライニクル: found #17 一一一搦果 after 67 checks.
[2026-04-29T12:13:04.185Z] 8-2 ブライニクル: found #18 一一一玉果 after 83 checks.
[2026-04-29T12:13:04.186Z] 8-2 ブライニクル: found #19 一一一強果 after 99 checks.
[2026-04-29T12:13:04.188Z] 8-2 ブライニクル: found #20 一一一速果 after 115 checks.
[2026-04-29T12:13:04.190Z] 8-2 ブライニクル: done (115 checks, wins=20, stopReason=sample-limit).
