[2026-04-29T12:26:24.535Z] 8-2 ブライニクル: search start (pool=一刺果待搦玉強速拳飛奏焦毒礁霊魔, bosses=1, bossIndexes=all, kamiwazaLimit=1, seeds=0, require=魔, sampleLimit=20, maxChecks=none).
[2026-04-29T12:26:24.573Z] 8-2 ブライニクル: found #1 一一魔一刺 after 452 checks.
[2026-04-29T12:26:24.574Z] 8-2 ブライニクル: found #2 一一魔刺刺 after 467 checks.
[2026-04-29T12:26:24.575Z] 8-2 ブライニクル: found #3 一一魔果刺 after 482 checks.
[2026-04-29T12:26:24.576Z] 8-2 ブライニクル: found #4 一一魔待刺 after 497 checks.
[2026-04-29T12:26:24.578Z] 8-2 ブライニクル: found #5 一一魔搦刺 after 512 checks.
[2026-04-29T12:26:24.579Z] 8-2 ブライニクル: found #6 一一魔玉刺 after 527 checks.
[2026-04-29T12:26:24.579Z] 8-2 ブライニクル: found #7 一一魔強刺 after 542 checks.
[2026-04-29T12:26:24.580Z] 8-2 ブライニクル: found #8 一一魔速刺 after 557 checks.
[2026-04-29T12:26:24.582Z] 8-2 ブライニクル: found #9 一一魔拳刺 after 572 checks.
[2026-04-29T12:26:24.583Z] 8-2 ブライニクル: found #10 一一魔飛刺 after 587 checks.
[2026-04-29T12:26:24.584Z] 8-2 ブライニクル: found #11 一一魔奏刺 after 602 checks.
[2026-04-29T12:26:24.585Z] 8-2 ブライニクル: found #12 一一魔焦刺 after 617 checks.
[2026-04-29T12:26:24.586Z] 8-2 ブライニクル: found #13 一一魔毒刺 after 632 checks.
[2026-04-29T12:26:24.587Z] 8-2 ブライニクル: found #14 一一魔礁刺 after 647 checks.
[2026-04-29T12:26:24.588Z] 8-2 ブライニクル: found #15 一一魔霊刺 after 662 checks.
[2026-04-29T12:26:24.604Z] 8-2 ブライニクル: found #16 一刺魔一刺 after 1127 checks.
[2026-04-29T12:26:24.606Z] 8-2 ブライニクル: found #17 一刺魔刺刺 after 1142 checks.
[2026-04-29T12:26:24.607Z] 8-2 ブライニクル: found #18 一刺魔果刺 after 1157 checks.
[2026-04-29T12:26:24.608Z] 8-2 ブライニクル: found #19 一刺魔待刺 after 1172 checks.
[2026-04-29T12:26:24.608Z] 8-2 ブライニクル: found #20 一刺魔搦刺 after 1187 checks.
[2026-04-29T12:26:24.609Z] 8-2 ブライニクル: done (1187 checks, wins=20, stopReason=sample-limit).
