[2026-04-29T12:26:24.512Z] 8-2 ブライニクル: search start (pool=一刺果待搦玉強速拳飛奏焦毒礁霊魔, bosses=1, bossIndexes=all, kamiwazaLimit=1, seeds=0, require=-, sampleLimit=20, maxChecks=none).
[2026-04-29T12:26:24.634Z] 8-2 ブライニクル: found #1 一一魔一刺 after 3827 checks.
[2026-04-29T12:26:24.636Z] 8-2 ブライニクル: found #2 一一魔刺刺 after 3842 checks.
[2026-04-29T12:26:24.636Z] 8-2 ブライニクル: found #3 一一魔果刺 after 3857 checks.
[2026-04-29T12:26:24.637Z] 8-2 ブライニクル: found #4 一一魔待刺 after 3872 checks.
[2026-04-29T12:26:24.639Z] 8-2 ブライニクル: found #5 一一魔搦刺 after 3887 checks.
[2026-04-29T12:26:24.640Z] 8-2 ブライニクル: found #6 一一魔玉刺 after 3902 checks.
[2026-04-29T12:26:24.641Z] 8-2 ブライニクル: found #7 一一魔強刺 after 3917 checks.
[2026-04-29T12:26:24.642Z] 8-2 ブライニクル: found #8 一一魔速刺 after 3932 checks.
[2026-04-29T12:26:24.643Z] 8-2 ブライニクル: found #9 一一魔拳刺 after 3947 checks.
[2026-04-29T12:26:24.644Z] 8-2 ブライニクル: found #10 一一魔飛刺 after 3962 checks.
[2026-04-29T12:26:24.644Z] 8-2 ブライニクル: found #11 一一魔奏刺 after 3977 checks.
[2026-04-29T12:26:24.645Z] 8-2 ブライニクル: found #12 一一魔焦刺 after 3992 checks.
[2026-04-29T12:26:24.646Z] 8-2 ブライニクル: found #13 一一魔毒刺 after 4007 checks.
[2026-04-29T12:26:24.647Z] 8-2 ブライニクル: found #14 一一魔礁刺 after 4022 checks.
[2026-04-29T12:26:24.648Z] 8-2 ブライニクル: found #15 一一魔霊刺 after 4037 checks.
[2026-04-29T12:26:24.741Z] 8-2 ブライニクル: found #16 一刺魔一刺 after 7877 checks.
[2026-04-29T12:26:24.741Z] 8-2 ブライニクル: found #17 一刺魔刺刺 after 7892 checks.
[2026-04-29T12:26:24.742Z] 8-2 ブライニクル: found #18 一刺魔果刺 after 7907 checks.
[2026-04-29T12:26:24.743Z] 8-2 ブライニクル: found #19 一刺魔待刺 after 7922 checks.
[2026-04-29T12:26:24.744Z] 8-2 ブライニクル: found #20 一刺魔搦刺 after 7937 checks.
[2026-04-29T12:26:24.745Z] 8-2 ブライニクル: done (7937 checks, wins=20, stopReason=sample-limit).
