[2026-04-29T12:13:23.738Z] 8-2 ブライニクル: search start (pool=一刺果待搦玉強速拳飛奏焦毒礁霊魔, bosses=1, bossIndexes=all, kamiwazaLimit=1, seeds=0, require=-, sampleLimit=20, maxChecks=none).
[2026-04-29T12:13:23.748Z] 8-2 ブライニクル: found #1 一一一一果 after 3 checks.
[2026-04-29T12:13:23.752Z] 8-2 ブライニクル: found #2 一一一一毒 after 13 checks.
[2026-04-29T12:13:23.753Z] 8-2 ブライニクル: found #3 一一一刺果 after 19 checks.
[2026-04-29T12:13:23.756Z] 8-2 ブライニクル: found #4 一一一刺毒 after 29 checks.
[2026-04-29T12:13:23.761Z] 8-2 ブライニクル: found #5 一一一果果 after 35 checks.
[2026-04-29T12:13:23.762Z] 8-2 ブライニクル: found #6 一一一果毒 after 45 checks.
[2026-04-29T12:13:23.764Z] 8-2 ブライニクル: found #7 一一一待果 after 51 checks.
[2026-04-29T12:13:23.766Z] 8-2 ブライニクル: found #8 一一一待毒 after 61 checks.
[2026-04-29T12:13:23.768Z] 8-2 ブライニクル: found #9 一一一搦果 after 67 checks.
[2026-04-29T12:13:23.770Z] 8-2 ブライニクル: found #10 一一一搦毒 after 77 checks.
[2026-04-29T12:13:23.771Z] 8-2 ブライニクル: found #11 一一一玉果 after 83 checks.
[2026-04-29T12:13:23.773Z] 8-2 ブライニクル: found #12 一一一玉毒 after 93 checks.
[2026-04-29T12:13:23.773Z] 8-2 ブライニクル: found #13 一一一強一 after 97 checks.
[2026-04-29T12:13:23.774Z] 8-2 ブライニクル: found #14 一一一強刺 after 98 checks.
[2026-04-29T12:13:23.774Z] 8-2 ブライニクル: found #15 一一一強果 after 99 checks.
[2026-04-29T12:13:23.775Z] 8-2 ブライニクル: found #16 一一一強待 after 100 checks.
[2026-04-29T12:13:23.775Z] 8-2 ブライニクル: found #17 一一一強搦 after 101 checks.
[2026-04-29T12:13:23.775Z] 8-2 ブライニクル: found #18 一一一強玉 after 102 checks.
[2026-04-29T12:13:23.776Z] 8-2 ブライニクル: found #19 一一一強強 after 103 checks.
[2026-04-29T12:13:23.776Z] 8-2 ブライニクル: found #20 一一一強速 after 104 checks.
[2026-04-29T12:13:23.777Z] 8-2 ブライニクル: done (104 checks, wins=20, stopReason=sample-limit).
