[2026-04-29T12:29:27.210Z] 8-2 ブライニクル: search start (pool=一刺果待搦玉強速拳飛奏焦毒礁霊魔, bosses=1, bossIndexes=all, kamiwazaLimit=1, seeds=0, require=魔, sampleLimit=20, maxChecks=none).
[2026-04-29T12:29:28.699Z] 8-2 ブライニクル: found #1 待待礁魔一 after 42931 checks.
[2026-04-29T12:29:28.707Z] 8-2 ブライニクル: found #2 待待魔礁一 after 43171 checks.
[2026-04-29T12:29:28.724Z] 8-2 ブライニクル: found #3 待搦礁魔一 after 43606 checks.
[2026-04-29T12:29:28.732Z] 8-2 ブライニクル: found #4 待搦魔礁一 after 43846 checks.
[2026-04-29T12:29:28.750Z] 8-2 ブライニクル: found #5 待玉礁魔一 after 44281 checks.
[2026-04-29T12:29:28.757Z] 8-2 ブライニクル: found #6 待玉魔礁一 after 44521 checks.
[2026-04-29T12:29:28.774Z] 8-2 ブライニクル: found #7 待強礁魔一 after 44956 checks.
[2026-04-29T12:29:28.782Z] 8-2 ブライニクル: found #8 待強魔礁一 after 45196 checks.
[2026-04-29T12:29:28.798Z] 8-2 ブライニクル: found #9 待速礁魔一 after 45631 checks.
[2026-04-29T12:29:28.805Z] 8-2 ブライニクル: found #10 待速魔礁一 after 45871 checks.
[2026-04-29T12:29:28.845Z] 8-2 ブライニクル: found #11 待飛礁魔一 after 46981 checks.
[2026-04-29T12:29:28.853Z] 8-2 ブライニクル: found #12 待飛魔礁一 after 47221 checks.
[2026-04-29T12:29:28.937Z] 8-2 ブライニクル: found #13 待礁待魔一 after 49381 checks.
[2026-04-29T12:29:28.939Z] 8-2 ブライニクル: found #14 待礁搦魔一 after 49411 checks.
[2026-04-29T12:29:28.940Z] 8-2 ブライニクル: found #15 待礁玉魔一 after 49441 checks.
[2026-04-29T12:29:28.941Z] 8-2 ブライニクル: found #16 待礁強魔一 after 49471 checks.
[2026-04-29T12:29:28.942Z] 8-2 ブライニクル: found #17 待礁速魔一 after 49501 checks.
[2026-04-29T12:29:28.945Z] 8-2 ブライニクル: found #18 待礁飛魔一 after 49561 checks.
[2026-04-29T12:29:28.950Z] 8-2 ブライニクル: found #19 待礁礁魔一 after 49681 checks.
[2026-04-29T12:29:28.951Z] 8-2 ブライニクル: found #20 待礁霊魔一 after 49711 checks.
[2026-04-29T12:29:28.952Z] 8-2 ブライニクル: done (49711 checks, wins=20, stopReason=sample-limit).
