[2026-04-29T12:22:34.012Z] 8-2 ブライニクル: search start (pool=一刺果待搦玉強速拳飛奏焦毒礁霊魔, bosses=1, bossIndexes=all, kamiwazaLimit=1, seeds=0, require=魔, sampleLimit=20, maxChecks=none).
[2026-04-29T12:22:35.090Z] 8-2 ブライニクル: found #1 待待毒一魔 after 42886 checks.
[2026-04-29T12:22:35.091Z] 8-2 ブライニクル: found #2 待待毒刺魔 after 42887 checks.
[2026-04-29T12:22:35.091Z] 8-2 ブライニクル: found #3 待待毒果魔 after 42888 checks.
[2026-04-29T12:22:35.092Z] 8-2 ブライニクル: found #4 待待毒拳魔 after 42894 checks.
[2026-04-29T12:22:35.095Z] 8-2 ブライニクル: found #5 待待毒焦魔 after 42897 checks.
[2026-04-29T12:22:35.096Z] 8-2 ブライニクル: found #6 待待毒魔一 after 42901 checks.
[2026-04-29T12:22:35.096Z] 8-2 ブライニクル: found #7 待待毒魔刺 after 42902 checks.
[2026-04-29T12:22:35.097Z] 8-2 ブライニクル: found #8 待待毒魔果 after 42903 checks.
[2026-04-29T12:22:35.097Z] 8-2 ブライニクル: found #9 待待毒魔待 after 42904 checks.
[2026-04-29T12:22:35.097Z] 8-2 ブライニクル: found #10 待待毒魔搦 after 42905 checks.
[2026-04-29T12:22:35.098Z] 8-2 ブライニクル: found #11 待待毒魔玉 after 42906 checks.
[2026-04-29T12:22:35.098Z] 8-2 ブライニクル: found #12 待待毒魔強 after 42907 checks.
[2026-04-29T12:22:35.098Z] 8-2 ブライニクル: found #13 待待毒魔速 after 42908 checks.
[2026-04-29T12:22:35.099Z] 8-2 ブライニクル: found #14 待待毒魔拳 after 42909 checks.
[2026-04-29T12:22:35.099Z] 8-2 ブライニクル: found #15 待待毒魔飛 after 42910 checks.
[2026-04-29T12:22:35.099Z] 8-2 ブライニクル: found #16 待待毒魔焦 after 42912 checks.
[2026-04-29T12:22:35.100Z] 8-2 ブライニクル: found #17 待待毒魔礁 after 42914 checks.
[2026-04-29T12:22:35.116Z] 8-2 ブライニクル: found #18 待搦毒一魔 after 43561 checks.
[2026-04-29T12:22:35.117Z] 8-2 ブライニクル: found #19 待搦毒刺魔 after 43562 checks.
[2026-04-29T12:22:35.117Z] 8-2 ブライニクル: found #20 待搦毒果魔 after 43563 checks.
[2026-04-29T12:22:35.118Z] 8-2 ブライニクル: done (43563 checks, wins=20, stopReason=sample-limit).
