[2026-04-29T12:29:27.226Z] 8-2 ブライニクル: search start (pool=一刺果待搦玉強速拳飛奏焦毒礁霊魔, bosses=1, bossIndexes=all, kamiwazaLimit=1, seeds=0, require=-, sampleLimit=20, maxChecks=none).
[2026-04-29T12:29:33.001Z] 8-2 ブライニクル: found #1 待待礁魔一 after 208081 checks.
[2026-04-29T12:29:33.014Z] 8-2 ブライニクル: found #2 待待魔礁一 after 208546 checks.
[2026-04-29T12:29:33.114Z] 8-2 ブライニクル: found #3 待搦礁魔一 after 212131 checks.
[2026-04-29T12:29:33.127Z] 8-2 ブライニクル: found #4 待搦魔礁一 after 212596 checks.
[2026-04-29T12:29:33.226Z] 8-2 ブライニクル: found #5 待玉礁魔一 after 216181 checks.
[2026-04-29T12:29:33.238Z] 8-2 ブライニクル: found #6 待玉魔礁一 after 216646 checks.
[2026-04-29T12:29:33.333Z] 8-2 ブライニクル: found #7 待強礁魔一 after 220231 checks.
[2026-04-29T12:29:33.345Z] 8-2 ブライニクル: found #8 待強魔礁一 after 220696 checks.
[2026-04-29T12:29:33.439Z] 8-2 ブライニクル: found #9 待速礁魔一 after 224281 checks.
[2026-04-29T12:29:33.451Z] 8-2 ブライニクル: found #10 待速魔礁一 after 224746 checks.
[2026-04-29T12:29:33.676Z] 8-2 ブライニクル: found #11 待飛礁魔一 after 232381 checks.
[2026-04-29T12:29:33.689Z] 8-2 ブライニクル: found #12 待飛魔礁一 after 232846 checks.
[2026-04-29T12:29:34.032Z] 8-2 ブライニクル: found #13 待礁待魔一 after 246031 checks.
[2026-04-29T12:29:34.038Z] 8-2 ブライニクル: found #14 待礁搦魔一 after 246286 checks.
[2026-04-29T12:29:34.045Z] 8-2 ブライニクル: found #15 待礁玉魔一 after 246541 checks.
[2026-04-29T12:29:34.052Z] 8-2 ブライニクル: found #16 待礁強魔一 after 246796 checks.
[2026-04-29T12:29:34.060Z] 8-2 ブライニクル: found #17 待礁速魔一 after 247051 checks.
[2026-04-29T12:29:34.074Z] 8-2 ブライニクル: found #18 待礁飛魔一 after 247561 checks.
[2026-04-29T12:29:34.101Z] 8-2 ブライニクル: found #19 待礁礁魔一 after 248581 checks.
[2026-04-29T12:29:34.108Z] 8-2 ブライニクル: found #20 待礁霊魔一 after 248836 checks.
[2026-04-29T12:29:34.109Z] 8-2 ブライニクル: done (248836 checks, wins=20, stopReason=sample-limit).
