[2026-04-29T12:16:35.647Z] 8-2 candidate search start iterations=120 sampleLimit=20 seed=8202.
[2026-04-29T12:16:35.950Z] candidate 1/120 boss=円強錬速凍受無 all=46/20 magic=70/20 firstAll=一一一一果 firstMagic=一一一果魔.
[2026-04-29T12:16:35.975Z] candidate 2/120 boss=凍搦硬受強玉円 all=132/20 magic=363/20 firstAll=一一一一待 firstMagic=一一一魔待.
[2026-04-29T12:16:36.114Z] candidate 3/120 boss=円凍防水反影搦 all=3191/20 magic=882/20 firstAll=一一刺毒果 firstMagic=一一毒魔刺.
[2026-04-29T12:16:36.121Z] candidate 4/120 boss=強礁凍燐礁先円 all=115/20 magic=77/20 firstAll=一一一一果 firstMagic=一一一魔果.
[2026-04-29T12:16:41.612Z] candidate 5/120 boss=無霊凍崩転円盾 all=207610/20 magic=43563/20 firstAll=待待毒一刺 firstMagic=待待毒一魔.
[2026-04-29T12:16:50.729Z] candidate 6/120 boss=礁玉円受凍硬霊 all=241583/20 magic=172667/20 firstAll=待毒一待刺 firstMagic=毒魔一待刺.
[2026-04-29T12:16:50.829Z] candidate 7/120 boss=円幻癒凍反逆円 all=753/20 magic=1892/20 firstAll=一一一強果 firstMagic=一一果魔果.
[2026-04-29T12:16:50.838Z] candidate 8/120 boss=無円凍防凍盗受 all=51/20 magic=77/20 firstAll=一一一刺果 firstMagic=一一一果魔.
[2026-04-29T12:16:51.209Z] candidate 9/120 boss=崩円影水搦凍無 all=9067/20 magic=4128/20 firstAll=一一毒霊刺 firstMagic=一一毒魔強.
[2026-04-29T12:16:51.372Z] candidate 10/120 boss=毒硬逆凍礁影円 all=816/20 magic=6453/20 firstAll=一一刺一果 firstMagic=一一刺魔果.
[2026-04-29T12:16:51.418Z] candidate 11/120 boss=反凍罠反盾円転 all=1215/20 magic=383/20 firstAll=一一一毒果 firstMagic=一一待待魔.
[2026-04-29T12:16:51.451Z] candidate 12/120 boss=硬凍受強待無円 all=754/20 magic=504/20 firstAll=一一一待果 firstMagic=一一果魔待.
[2026-04-29T12:17:19.742Z] candidate 13/120 boss=霊円凍交水転交 all=1012500/0 magic=253125/0 firstAll=- firstMagic=-.
[2026-04-29T12:17:19.750Z] candidate 14/120 boss=円裏無逆凍無先 all=46/20 magic=84/20 firstAll=一一一一果 firstMagic=一一一果魔.
[2026-04-29T12:17:19.760Z] candidate 15/120 boss=毒円影毒凍円防 all=252/20 magic=137/20 firstAll=一一一刺果 firstMagic=一一一魔刺.
[2026-04-29T12:17:19.776Z] candidate 16/120 boss=封逆凍円速燐交 all=303/20 magic=78/20 firstAll=一一一強果 firstMagic=一一刺果魔.
[2026-04-29T12:17:19.794Z] candidate 17/120 boss=連影凍毒円盾礁 all=294/20 magic=378/20 firstAll=一一一刺果 firstMagic=一一刺果魔.
[2026-04-29T12:17:19.972Z] candidate 18/120 boss=先連円交凍影速 all=1310/20 magic=4593/20 firstAll=一一刺強果 firstMagic=一一果魔果.
[2026-04-29T12:17:27.308Z] candidate 19/120 boss=円疫強霊転交凍 all=241090/20 magic=49052/20 firstAll=待毒一一強 firstMagic=待毒一果魔.
[2026-04-29T12:17:27.312Z] candidate 20/120 boss=連円凍燐影逆水 all=67/20 magic=73/20 firstAll=一一一一果 firstMagic=一一一果魔.
[2026-04-29T12:17:27.648Z] candidate 21/120 boss=霊毒円反疫連凍 all=1374/20 magic=11343/20 firstAll=一一待待果 firstMagic=一魔待待果.
[2026-04-29T12:17:27.923Z] candidate 22/120 boss=封待強受凍円水 all=3062/20 magic=10937/20 firstAll=一一待待刺 firstMagic=一一毒魔刺.
[2026-04-29T12:17:28.014Z] candidate 23/120 boss=錬逆凍円交連癒 all=574/20 magic=2799/20 firstAll=一一刺強待 firstMagic=一一果待魔.
[2026-04-29T12:17:29.773Z] candidate 24/120 boss=封円水円逆転凍 all=65222/20 magic=14558/20 firstAll=刺一待待毒 firstMagic=刺一毒魔一.
[2026-04-29T12:17:29.788Z] candidate 25/120 boss=防霊防円円影凍 all=293/20 magic=144/20 firstAll=一一一刺果 firstMagic=一一一魔刺.
[2026-04-29T12:17:29.882Z] candidate 26/120 boss=強速凍反搦円罠 all=563/20 magic=3244/20 firstAll=一一一強待 firstMagic=一一刺魔待.
[2026-04-29T12:17:36.911Z] candidate 27/120 boss=幻凍崩円霊硬待 all=241128/20 magic=62139/20 firstAll=待毒一刺強 firstMagic=待毒一拳魔.
[2026-04-29T12:17:36.922Z] candidate 28/120 boss=幻円凍防逆逆円 all=274/20 magic=72/20 firstAll=一一一一果 firstMagic=一一一魔果.
[2026-04-29T12:17:36.927Z] candidate 29/120 boss=凍奏強防玉円盾 all=44/20 magic=57/20 firstAll=一一一一果 firstMagic=一一一果魔.
[2026-04-29T12:17:36.946Z] candidate 30/120 boss=崩速凍円連癒凍 all=513/20 magic=79/20 firstAll=一一一一果 firstMagic=一一一魔果.
[2026-04-29T12:17:36.966Z] candidate 31/120 boss=盾錬裏裏凍連円 all=306/20 magic=462/20 firstAll=一一一一果 firstMagic=一一一魔果.
[2026-04-29T12:17:36.990Z] candidate 32/120 boss=癒毒霊奏円奏凍 all=306/20 magic=423/20 firstAll=一一一一果 firstMagic=一一一魔果.
[2026-04-29T12:17:37.044Z] candidate 33/120 boss=円連奏交凍影裏 all=1549/20 magic=617/20 firstAll=一一刺強果 firstMagic=一一果魔刺.
[2026-04-29T12:17:37.073Z] candidate 34/120 boss=円連凍幻待防逆 all=310/20 magic=433/20 firstAll=一一一待一 firstMagic=一一果毒魔.
[2026-04-29T12:18:06.939Z] candidate 35/120 boss=転罠霊霊癒円凍 all=849796/20 magic=178171/20 firstAll=待礁礁魔一 firstMagic=待礁礁魔一.
[2026-04-29T12:18:06.997Z] candidate 36/120 boss=錬凍盗罠錬円転 all=851/20 magic=1693/20 firstAll=一一待一強 firstMagic=一一待拳魔.
[2026-04-29T12:18:07.034Z] candidate 37/120 boss=奏凍強先崩円待 all=566/20 magic=754/20 firstAll=一一一果待 firstMagic=一一果待魔.
[2026-04-29T12:18:07.142Z] candidate 38/120 boss=速裏受逆防凍円 all=1002/20 magic=3241/20 firstAll=一一刺一果 firstMagic=一一刺魔果.
[2026-04-29T12:18:07.150Z] candidate 39/120 boss=凍凍先逆円円円 all=211/20 magic=80/20 firstAll=一一一一果 firstMagic=一一一魔果.
[2026-04-29T12:18:07.209Z] candidate 40/120 boss=崩速凍礁霊円連 all=1725/20 magic=557/20 firstAll=一一刺一果 firstMagic=一一刺魔一.
[2026-04-29T12:18:07.219Z] candidate 41/120 boss=幻円礁凍癒円防 all=274/20 magic=78/20 firstAll=一一一一果 firstMagic=一一一魔果.
[2026-04-29T12:18:07.277Z] candidate 42/120 boss=先硬癒崩凍円封 all=803/20 magic=1157/20 firstAll=一一刺強果 firstMagic=一一毒魔刺.
[2026-04-29T12:18:07.301Z] candidate 43/120 boss=逆疫盾円凍癒反 all=513/20 magic=492/20 firstAll=一一一一果 firstMagic=一一一魔果.
[2026-04-29T12:18:07.326Z] candidate 44/120 boss=反円凍反転罠無 all=305/20 magic=589/20 firstAll=一一一刺待 firstMagic=一一刺魔待.
[2026-04-29T12:18:07.579Z] candidate 45/120 boss=錬速玉円凍交円 all=3238/20 magic=7802/20 firstAll=一一待刺強 firstMagic=一一毒魔刺.
[2026-04-29T12:18:07.585Z] candidate 46/120 boss=凍燐円奏崩毒毒 all=50/20 magic=70/20 firstAll=一一一一強 firstMagic=一一一果魔.
[2026-04-29T12:18:07.591Z] candidate 47/120 boss=凍盗円円搦毒強 all=105/20 magic=99/20 firstAll=一一一一果 firstMagic=一一一魔一.
[2026-04-29T12:18:07.909Z] candidate 48/120 boss=円受錬円錬凍交 all=9653/20 magic=4140/20 firstAll=一一待刺強 firstMagic=一強果一魔.
[2026-04-29T12:18:07.913Z] candidate 49/120 boss=強凍盗円凍封搦 all=22/20 magic=70/20 firstAll=一一一一一 firstMagic=一一一一魔.
[2026-04-29T12:18:07.926Z] candidate 50/120 boss=円凍連凍無円影 all=306/20 magic=80/20 firstAll=一一一一果 firstMagic=一一一魔果.
[2026-04-29T12:18:07.928Z] candidate 51/120 boss=転礁円円奏搦凍 all=20/20 magic=20/20 firstAll=一一一一一 firstMagic=一一一一魔.
[2026-04-29T12:18:07.968Z] candidate 52/120 boss=凍疫転受錬円円 all=705/20 magic=283/20 firstAll=一一一待一 firstMagic=一一待一魔.
[2026-04-29T12:18:10.467Z] candidate 53/120 boss=凍受反強待凍円 all=89643/20 magic=17925/20 firstAll=刺強待毒一 firstMagic=刺強待毒魔.
[2026-04-29T12:18:10.493Z] candidate 54/120 boss=円凍円交転錬癒 all=387/20 magic=377/20 firstAll=一一一強待 firstMagic=一一果果魔.
[2026-04-29T12:18:10.538Z] candidate 55/120 boss=受凍円礁罠円強 all=849/20 magic=1037/20 firstAll=一一一待待 firstMagic=一一待拳魔.
[2026-04-29T12:18:10.947Z] candidate 56/120 boss=水連凍円転防罠 all=3272/20 magic=11884/20 firstAll=一一待毒待 firstMagic=一一毒魔待.
[2026-04-29T12:18:10.995Z] candidate 57/120 boss=玉強幻凍交円逆 all=790/20 magic=1219/20 firstAll=一一一強待 firstMagic=一一果魔待.
[2026-04-29T12:18:11.015Z] candidate 58/120 boss=受錬防凍礁円硬 all=290/20 magic=389/20 firstAll=一一一一果 firstMagic=一一一魔果.
[2026-04-29T12:18:11.019Z] candidate 59/120 boss=円硬転凍凍凍水 all=26/20 magic=41/20 firstAll=一一一一刺 firstMagic=一一一刺魔.
[2026-04-29T12:18:11.022Z] candidate 60/120 boss=玉癒凍奏円待封 all=21/20 magic=41/20 firstAll=一一一一一 firstMagic=一一一一魔.
[2026-04-29T12:18:11.097Z] candidate 61/120 boss=円凍転待連疫崩 all=818/20 magic=2088/20 firstAll=一一待一強 firstMagic=一一待果魔.
[2026-04-29T12:18:11.101Z] candidate 62/120 boss=凍水受受円奏燐 all=20/20 magic=20/20 firstAll=一一一一一 firstMagic=一一一一魔.
[2026-04-29T12:18:12.079Z] candidate 63/120 boss=円罠先玉円凍燐 all=9680/20 magic=38522/20 firstAll=一一待待刺 firstMagic=一魔待待刺.
[2026-04-29T12:18:37.237Z] candidate 64/120 boss=毒凍交霊盾疫円 all=962642/20 magic=203267/20 firstAll=魔一一強一 firstMagic=魔一一強一.
[2026-04-29T12:18:43.032Z] candidate 65/120 boss=霊凍逆盾罠円水 all=207610/20 magic=43563/20 firstAll=待待毒一刺 firstMagic=待待毒一魔.
[2026-04-29T12:18:43.659Z] candidate 66/120 boss=毒凍円罠霊硬防 all=4532/20 magic=24063/20 firstAll=一一刺刺果 firstMagic=一魔刺刺果.
[2026-04-29T12:18:43.697Z] candidate 67/120 boss=凍幻受搦円待連 all=1017/20 magic=511/20 firstAll=一一一待待 firstMagic=一一待魔一.
[2026-04-29T12:18:43.731Z] candidate 68/120 boss=礁受影癒円幻凍 all=802/20 magic=473/20 firstAll=一一刺果果 firstMagic=一一刺果魔.
[2026-04-29T12:18:43.754Z] candidate 69/120 boss=燐盗水円凍反礁 all=322/20 magic=468/20 firstAll=一一一一果 firstMagic=一一一魔果.
[2026-04-29T12:18:43.816Z] candidate 70/120 boss=円癒待封円受凍 all=971/20 magic=1056/20 firstAll=一一待刺強 firstMagic=一一毒魔一.
[2026-04-29T12:18:44.636Z] candidate 71/120 boss=奏玉無円盗凍盾 all=25271/20 magic=4432/20 firstAll=一強待待毒 firstMagic=一強待毒魔.
[2026-04-29T12:18:44.785Z] candidate 72/120 boss=疫凍待円受受強 all=3113/20 magic=3334/20 firstAll=一一一毒待 firstMagic=一一待待魔.
[2026-04-29T12:18:46.537Z] candidate 73/120 boss=水搦凍無円交待 all=35688/20 magic=42566/20 firstAll=一一毒霊待 firstMagic=一霊毒魔待.
[2026-04-29T12:18:46.665Z] candidate 74/120 boss=転影罠円盾凍待 all=3084/20 magic=2090/20 firstAll=一一刺果拳 firstMagic=一一刺果魔.
[2026-04-29T12:18:46.673Z] candidate 75/120 boss=受強逆凍逆円無 all=290/20 magic=78/20 firstAll=一一一一果 firstMagic=一一一魔果.
[2026-04-29T12:18:46.704Z] candidate 76/120 boss=円崩凍幻崩水燐 all=111/20 magic=784/20 firstAll=一一一一待 firstMagic=一一果待魔.
[2026-04-29T12:18:46.707Z] candidate 77/120 boss=円円凍幻受奏礁 all=24/20 magic=41/20 firstAll=一一一一一 firstMagic=一一一一魔.
[2026-04-29T12:18:46.724Z] candidate 78/120 boss=封裏円反凍玉凍 all=290/20 magic=393/20 firstAll=一一一一果 firstMagic=一一一魔果.
[2026-04-29T12:18:46.737Z] candidate 79/120 boss=凍凍凍円錬封防 all=258/20 magic=80/20 firstAll=一一一一果 firstMagic=一一一魔果.
[2026-04-29T12:18:46.861Z] candidate 80/120 boss=円玉交崩受凍無 all=3079/20 magic=1058/20 firstAll=一一待待刺 firstMagic=一一毒魔一.
[2026-04-29T12:18:46.865Z] candidate 81/120 boss=円癒防奏凍霊交 all=42/20 magic=34/20 firstAll=一一一刺果 firstMagic=一一一刺魔.
[2026-04-29T12:18:46.884Z] candidate 82/120 boss=円毒凍防強逆凍 all=211/20 magic=486/20 firstAll=一一一果一 firstMagic=一一一果魔.
[2026-04-29T12:18:46.888Z] candidate 83/120 boss=礁逆奏硬円転凍 all=46/20 magic=67/20 firstAll=一一一一果 firstMagic=一一一果魔.
[2026-04-29T12:18:46.904Z] candidate 84/120 boss=燐凍凍盾円水水 all=529/20 magic=90/20 firstAll=一一一強待 firstMagic=一一果一魔.
[2026-04-29T12:18:57.784Z] candidate 85/120 boss=強搦疫円凍盾待 all=248566/20 magic=253125/0 firstAll=待待礁礁刺 firstMagic=-.
[2026-04-29T12:18:57.807Z] candidate 86/120 boss=円無凍転凍霊円 all=306/20 magic=648/20 firstAll=一一一一果 firstMagic=一一一魔果.
[2026-04-29T12:18:58.098Z] candidate 87/120 boss=礁強凍円待連錬 all=992/20 magic=10399/20 firstAll=一一刺待待 firstMagic=一強果魔待.
[2026-04-29T12:18:58.102Z] candidate 88/120 boss=反円凍連強毒癒 all=51/20 magic=76/20 firstAll=一一一一果 firstMagic=一一一果魔.
[2026-04-29T12:18:58.254Z] candidate 89/120 boss=円盗交凍裏防連 all=3127/20 magic=1062/20 firstAll=一一一刺待 firstMagic=一一毒魔一.
[2026-04-29T12:18:58.260Z] candidate 90/120 boss=玉封速凍受燐円 all=110/20 magic=76/20 firstAll=一一一一果 firstMagic=一一一強魔.
[2026-04-29T12:18:58.285Z] candidate 91/120 boss=円封影交水凍速 all=332/20 magic=390/20 firstAll=一一一一毒 firstMagic=一一一魔毒.
[2026-04-29T12:18:59.142Z] candidate 92/120 boss=奏交円癒逆凍搦 all=24596/20 magic=4128/20 firstAll=一強一果果 firstMagic=一強刺魔刺.
[2026-04-29T12:18:59.153Z] candidate 93/120 boss=凍盾円速強凍無 all=289/20 magic=89/20 firstAll=一一一一果 firstMagic=一一一魔果.
[2026-04-29T12:19:05.211Z] candidate 94/120 boss=硬盗速待円疫凍 all=205315/20 magic=42893/20 firstAll=待待刺強一 firstMagic=待待待刺魔.
[2026-04-29T12:19:05.216Z] candidate 95/120 boss=円凍逆凍凍受搦 all=36/20 magic=64/20 firstAll=一一一一果 firstMagic=一一一刺魔.
[2026-04-29T12:19:05.271Z] candidate 96/120 boss=硬円玉連疫凍先 all=645/20 magic=1217/20 firstAll=一一一強果 firstMagic=一一果魔強.
[2026-04-29T12:19:06.205Z] candidate 97/120 boss=奏錬搦転円円凍 all=27571/20 magic=13563/20 firstAll=一強待毒果 firstMagic=一強毒魔果.
[2026-04-29T12:19:06.225Z] candidate 98/120 boss=連円無影凍円崩 all=296/20 magic=258/20 firstAll=一一一果待 firstMagic=一一刺果魔.
[2026-04-29T12:19:06.243Z] candidate 99/120 boss=裏円無礁凍燐搦 all=290/20 magic=348/20 firstAll=一一一一果 firstMagic=一一一魔果.
[2026-04-29T12:19:06.249Z] candidate 100/120 boss=円奏凍礁燐礁癒 all=44/20 magic=63/20 firstAll=一一一一果 firstMagic=一一一果魔.
[2026-04-29T12:19:06.251Z] candidate 101/120 boss=硬奏毒凍円奏交 all=22/20 magic=27/20 firstAll=一一一一一 firstMagic=一一一一魔.
[2026-04-29T12:19:06.278Z] candidate 102/120 boss=凍円毒癒速罠疫 all=545/20 magic=481/20 firstAll=一一一一果 firstMagic=一一一魔果.
[2026-04-29T12:19:06.286Z] candidate 103/120 boss=円疫硬凍玉盗影 all=24/20 magic=46/20 firstAll=一一一一刺 firstMagic=一一一一魔.
[2026-04-29T12:19:13.459Z] candidate 104/120 boss=霊盗円凍罠硬幻 all=205786/20 magic=42905/20 firstAll=待待搦玉毒 firstMagic=待待搦毒魔.
[2026-04-29T12:19:13.508Z] candidate 105/120 boss=速水罠凍転盗円 all=1226/20 magic=1064/20 firstAll=一一待毒一 firstMagic=一一毒魔一.
[2026-04-29T12:19:13.512Z] candidate 106/120 boss=連円防凍奏強裏 all=20/20 magic=20/20 firstAll=一一一一一 firstMagic=一一一一魔.
[2026-04-29T12:19:13.525Z] candidate 107/120 boss=奏先霊凍円転錬 all=147/20 magic=257/20 firstAll=一一一刺果 firstMagic=一一一果魔.
[2026-04-29T12:19:13.597Z] candidate 108/120 boss=凍奏幻盾毒受円 all=810/20 magic=2011/20 firstAll=一一一霊果 firstMagic=一一待果魔.
[2026-04-29T12:19:13.645Z] candidate 109/120 boss=凍円崩影無受毒 all=802/20 magic=1008/20 firstAll=一一刺果待 firstMagic=一一刺果魔.
[2026-04-29T12:19:13.653Z] candidate 110/120 boss=転速円凍強速毒 all=278/20 magic=75/20 firstAll=一一一一果 firstMagic=一一一魔果.
[2026-04-29T12:19:14.099Z] candidate 111/120 boss=円先凍交罠毒先 all=7162/20 magic=8176/20 firstAll=一一果毒果 firstMagic=一果強毒魔.
[2026-04-29T12:19:14.340Z] candidate 112/120 boss=円凍裏癒罠反待 all=5022/20 magic=1736/20 firstAll=一一刺毒待 firstMagic=一刺待待魔.
[2026-04-29T12:19:14.415Z] candidate 113/120 boss=凍凍崩崩円罠円 all=589/20 magic=2134/20 firstAll=一一一待待 firstMagic=一一待待魔.
[2026-04-29T12:19:14.420Z] candidate 114/120 boss=円凍逆影影円防 all=111/20 magic=77/20 firstAll=一一一一果 firstMagic=一一一魔刺.
[2026-04-29T12:19:18.593Z] candidate 115/120 boss=待交円凍円玉疫 all=205308/20 magic=43592/20 firstAll=待待刺待待 firstMagic=待待刺強魔.
[2026-04-29T12:19:18.613Z] candidate 116/120 boss=搦受円錬凍凍先 all=305/20 magic=481/20 firstAll=一一一一果 firstMagic=一一一魔果.
[2026-04-29T12:19:18.617Z] candidate 117/120 boss=盾円凍逆先礁崩 all=52/20 magic=76/20 firstAll=一一一一果 firstMagic=一一一果魔.
[2026-04-29T12:19:18.620Z] candidate 118/120 boss=円交凍癒罠燐奏 all=53/20 magic=26/20 firstAll=一一一一一 firstMagic=一一一一魔.
[2026-04-29T12:19:18.625Z] candidate 119/120 boss=円玉速盗霊錬凍 all=51/20 magic=66/20 firstAll=一一一一果 firstMagic=一一一果魔.
[2026-04-29T12:19:18.645Z] candidate 120/120 boss=受円円毒影凍搦 all=306/20 magic=466/20 firstAll=一一一一果 firstMagic=一一一魔果.
[2026-04-29T12:19:18.662Z] 8-2 candidate search done top=15 saved=C:\Users\Kazuaki\games\shiden-game\tools\8-2-brinekul-build-search.json.
