[2026-04-29T12:13:13.911Z] 8-2 ブライニクル: search start (pool=一刺果待搦玉強速拳飛奏焦毒礁霊魔, bosses=1, bossIndexes=all, kamiwazaLimit=1, seeds=0, require=-, sampleLimit=20, maxChecks=none).
[2026-04-29T12:13:13.921Z] 8-2 ブライニクル: found #1 一一一一毒 after 13 checks.
[2026-04-29T12:13:13.925Z] 8-2 ブライニクル: found #2 一一一刺毒 after 29 checks.
[2026-04-29T12:13:13.927Z] 8-2 ブライニクル: found #3 一一一果毒 after 45 checks.
[2026-04-29T12:13:13.930Z] 8-2 ブライニクル: found #4 一一一待毒 after 61 checks.
[2026-04-29T12:13:13.936Z] 8-2 ブライニクル: found #5 一一一搦毒 after 77 checks.
[2026-04-29T12:13:13.937Z] 8-2 ブライニクル: found #6 一一一玉毒 after 93 checks.
[2026-04-29T12:13:13.939Z] 8-2 ブライニクル: found #7 一一一強毒 after 109 checks.
[2026-04-29T12:13:13.940Z] 8-2 ブライニクル: found #8 一一一速毒 after 125 checks.
[2026-04-29T12:13:13.942Z] 8-2 ブライニクル: found #9 一一一拳毒 after 141 checks.
[2026-04-29T12:13:13.943Z] 8-2 ブライニクル: found #10 一一一飛毒 after 157 checks.
[2026-04-29T12:13:13.944Z] 8-2 ブライニクル: found #11 一一一奏毒 after 173 checks.
[2026-04-29T12:13:13.946Z] 8-2 ブライニクル: found #12 一一一焦毒 after 189 checks.
[2026-04-29T12:13:13.948Z] 8-2 ブライニクル: found #13 一一一毒毒 after 205 checks.
[2026-04-29T12:13:13.949Z] 8-2 ブライニクル: found #14 一一一礁毒 after 221 checks.
[2026-04-29T12:13:13.951Z] 8-2 ブライニクル: found #15 一一一霊毒 after 237 checks.
[2026-04-29T12:13:13.952Z] 8-2 ブライニクル: found #16 一一一魔毒 after 253 checks.
[2026-04-29T12:13:13.954Z] 8-2 ブライニクル: found #17 一一刺一毒 after 268 checks.
[2026-04-29T12:13:13.955Z] 8-2 ブライニクル: found #18 一一刺刺毒 after 284 checks.
[2026-04-29T12:13:13.956Z] 8-2 ブライニクル: found #19 一一刺果毒 after 300 checks.
[2026-04-29T12:13:13.957Z] 8-2 ブライニクル: found #20 一一刺待毒 after 316 checks.
[2026-04-29T12:13:13.959Z] 8-2 ブライニクル: done (316 checks, wins=20, stopReason=sample-limit).
