[2026-04-29T12:13:23.734Z] 8-2 ブライニクル: search start (pool=一刺果待搦玉強速拳飛奏焦毒礁霊魔, bosses=1, bossIndexes=all, kamiwazaLimit=1, seeds=0, require=魔, sampleLimit=20, maxChecks=none).
[2026-04-29T12:13:23.748Z] 8-2 ブライニクル: found #1 一一一強魔 after 7 checks.
[2026-04-29T12:13:23.752Z] 8-2 ブライニクル: found #2 一一一魔果 after 18 checks.
[2026-04-29T12:13:23.753Z] 8-2 ブライニクル: found #3 一一一魔毒 after 28 checks.
[2026-04-29T12:13:23.755Z] 8-2 ブライニクル: found #4 一一刺強魔 after 37 checks.
[2026-04-29T12:13:23.760Z] 8-2 ブライニクル: found #5 一一刺魔果 after 48 checks.
[2026-04-29T12:13:23.763Z] 8-2 ブライニクル: found #6 一一刺魔毒 after 58 checks.
[2026-04-29T12:13:23.765Z] 8-2 ブライニクル: found #7 一一果果魔 after 63 checks.
[2026-04-29T12:13:23.768Z] 8-2 ブライニクル: found #8 一一果毒魔 after 73 checks.
[2026-04-29T12:13:23.769Z] 8-2 ブライニクル: found #9 一一果魔強 after 82 checks.
[2026-04-29T12:13:23.770Z] 8-2 ブライニクル: found #10 一一待果魔 after 93 checks.
[2026-04-29T12:13:23.772Z] 8-2 ブライニクル: found #11 一一待毒魔 after 103 checks.
[2026-04-29T12:13:23.773Z] 8-2 ブライニクル: found #12 一一待魔強 after 112 checks.
[2026-04-29T12:13:23.774Z] 8-2 ブライニクル: found #13 一一搦果魔 after 123 checks.
[2026-04-29T12:13:23.775Z] 8-2 ブライニクル: found #14 一一搦毒魔 after 133 checks.
[2026-04-29T12:13:23.776Z] 8-2 ブライニクル: found #15 一一搦魔強 after 142 checks.
[2026-04-29T12:13:23.778Z] 8-2 ブライニクル: found #16 一一玉果魔 after 153 checks.
[2026-04-29T12:13:23.779Z] 8-2 ブライニクル: found #17 一一玉毒魔 after 163 checks.
[2026-04-29T12:13:23.781Z] 8-2 ブライニクル: found #18 一一玉魔強 after 172 checks.
[2026-04-29T12:13:23.782Z] 8-2 ブライニクル: found #19 一一強果魔 after 183 checks.
[2026-04-29T12:13:23.783Z] 8-2 ブライニクル: found #20 一一強毒魔 after 193 checks.
[2026-04-29T12:13:23.785Z] 8-2 ブライニクル: done (193 checks, wins=20, stopReason=sample-limit).
