[2026-04-29T12:21:13.777Z] 1-1 ルーサー: search start (pool=一刺果待搦玉強速, bosses=1, bossIndexes=all, kamiwazaLimit=1, seeds=0, require=-, sampleLimit=5, maxChecks=none).
[2026-04-29T12:21:13.786Z] 1-1 ルーサー: found #1 一一一待一 after 25 checks.
[2026-04-29T12:21:13.787Z] 1-1 ルーサー: found #2 一一一待刺 after 26 checks.
[2026-04-29T12:21:13.787Z] 1-1 ルーサー: found #3 一一一待果 after 27 checks.
[2026-04-29T12:21:13.788Z] 1-1 ルーサー: found #4 一一一待待 after 28 checks.
[2026-04-29T12:21:13.790Z] 1-1 ルーサー: found #5 一一一速玉 after 62 checks.
[2026-04-29T12:21:13.793Z] 1-1 ルーサー: done (62 checks, wins=5, stopReason=sample-limit).
[2026-04-29T12:21:13.793Z] 1-2 肉厚な魚: search start (pool=一刺果待搦玉強速, bosses=1, bossIndexes=all, kamiwazaLimit=1, seeds=0, require=-, sampleLimit=5, maxChecks=none).
[2026-04-29T12:21:13.796Z] 1-2 肉厚な魚: found #1 一一一玉速 after 48 checks.
[2026-04-29T12:21:13.796Z] 1-2 肉厚な魚: found #2 一一一強果 after 51 checks.
[2026-04-29T12:21:13.797Z] 1-2 肉厚な魚: found #3 一一一強玉 after 54 checks.
[2026-04-29T12:21:13.798Z] 1-2 肉厚な魚: found #4 一一一速玉 after 62 checks.
[2026-04-29T12:21:13.799Z] 1-2 肉厚な魚: found #5 一一刺待一 after 89 checks.
[2026-04-29T12:21:13.800Z] 1-2 肉厚な魚: done (89 checks, wins=5, stopReason=sample-limit).
[2026-04-29T12:21:13.800Z] 2-1 血に飢えたジョーズ: search start (pool=一刺果待搦玉強速拳, bosses=1, bossIndexes=all, kamiwazaLimit=1, seeds=0, require=-, sampleLimit=5, maxChecks=none).
[2026-04-29T12:21:13.801Z] 2-1 血に飢えたジョーズ: found #1 一一一一玉 after 6 checks.
[2026-04-29T12:21:13.802Z] 2-1 血に飢えたジョーズ: found #2 一一一刺玉 after 15 checks.
[2026-04-29T12:21:13.802Z] 2-1 血に飢えたジョーズ: found #3 一一一果玉 after 24 checks.
[2026-04-29T12:21:13.803Z] 2-1 血に飢えたジョーズ: found #4 一一一待玉 after 33 checks.
[2026-04-29T12:21:13.804Z] 2-1 血に飢えたジョーズ: found #5 一一一玉一 after 46 checks.
[2026-04-29T12:21:13.804Z] 2-1 血に飢えたジョーズ: done (46 checks, wins=5, stopReason=sample-limit).
[2026-04-29T12:21:13.805Z] 2-2 弱者狩りのハゲタカ: search start (pool=一刺果待搦玉強速拳, bosses=1, bossIndexes=all, kamiwazaLimit=1, seeds=0, require=-, sampleLimit=5, maxChecks=none).
[2026-04-29T12:21:13.805Z] 2-2 弱者狩りのハゲタカ: found #1 一一一一玉 after 6 checks.
[2026-04-29T12:21:13.806Z] 2-2 弱者狩りのハゲタカ: found #2 一一一刺玉 after 15 checks.
[2026-04-29T12:21:13.807Z] 2-2 弱者狩りのハゲタカ: found #3 一一一果玉 after 24 checks.
[2026-04-29T12:21:13.808Z] 2-2 弱者狩りのハゲタカ: found #4 一一一待玉 after 33 checks.
[2026-04-29T12:21:13.808Z] 2-2 弱者狩りのハゲタカ: found #5 一一一待速 after 35 checks.
[2026-04-29T12:21:13.809Z] 2-2 弱者狩りのハゲタカ: done (35 checks, wins=5, stopReason=sample-limit).
[2026-04-29T12:21:13.809Z] 3-1 デザインド・エッグ号: search start (pool=一刺果待搦玉強速拳飛, bosses=1, bossIndexes=all, kamiwazaLimit=1, seeds=0, require=-, sampleLimit=5, maxChecks=none).
[2026-04-29T12:21:13.810Z] 3-1 デザインド・エッグ号: found #1 一一一一飛 after 10 checks.
[2026-04-29T12:21:13.811Z] 3-1 デザインド・エッグ号: found #2 一一一刺飛 after 20 checks.
[2026-04-29T12:21:13.811Z] 3-1 デザインド・エッグ号: found #3 一一一果飛 after 30 checks.
[2026-04-29T12:21:13.812Z] 3-1 デザインド・エッグ号: found #4 一一一待飛 after 40 checks.
[2026-04-29T12:21:13.813Z] 3-1 デザインド・エッグ号: found #5 一一一搦飛 after 50 checks.
[2026-04-29T12:21:13.814Z] 3-1 デザインド・エッグ号: done (50 checks, wins=5, stopReason=sample-limit).
[2026-04-29T12:21:13.814Z] 3-2 エーヴィス: search start (pool=一刺果待搦玉強速拳飛, bosses=1, bossIndexes=all, kamiwazaLimit=1, seeds=0, require=-, sampleLimit=5, maxChecks=none).
[2026-04-29T12:21:13.905Z] 3-2 エーヴィス: found #1 一待待一速 after 3308 checks.
[2026-04-29T12:21:13.906Z] 3-2 エーヴィス: found #2 一待待待一 after 3331 checks.
[2026-04-29T12:21:13.907Z] 3-2 エーヴィス: found #3 一待待待刺 after 3332 checks.
[2026-04-29T12:21:13.907Z] 3-2 エーヴィス: found #4 一待待搦一 after 3341 checks.
[2026-04-29T12:21:13.908Z] 3-2 エーヴィス: found #5 一待待搦刺 after 3342 checks.
[2026-04-29T12:21:13.908Z] 3-2 エーヴィス: done (3342 checks, wins=5, stopReason=sample-limit).
[2026-04-29T12:21:13.909Z] 4-1 ラ・マンチャ号: search start (pool=一刺果待搦玉強速拳飛奏, bosses=1, bossIndexes=all, kamiwazaLimit=1, seeds=0, require=-, sampleLimit=5, maxChecks=none).
[2026-04-29T12:21:13.910Z] 4-1 ラ・マンチャ号: found #1 一一一待一 after 34 checks.
[2026-04-29T12:21:13.910Z] 4-1 ラ・マンチャ号: found #2 一一一待刺 after 35 checks.
[2026-04-29T12:21:13.911Z] 4-1 ラ・マンチャ号: found #3 一一一待果 after 36 checks.
[2026-04-29T12:21:13.911Z] 4-1 ラ・マンチャ号: found #4 一一一待待 after 37 checks.
[2026-04-29T12:21:13.911Z] 4-1 ラ・マンチャ号: found #5 一一一待玉 after 39 checks.
[2026-04-29T12:21:13.912Z] 4-1 ラ・マンチャ号: done (39 checks, wins=5, stopReason=sample-limit).
[2026-04-29T12:21:13.912Z] 4-2 イスパニア艦隊: search start (pool=一刺果待搦玉強速拳飛奏, bosses=1, bossIndexes=all, kamiwazaLimit=1, seeds=0, require=-, sampleLimit=5, maxChecks=none).
[2026-04-29T12:21:13.915Z] 4-2 イスパニア艦隊: found #1 一一一待待 after 37 checks.
[2026-04-29T12:21:13.915Z] 4-2 イスパニア艦隊: found #2 一一一待搦 after 38 checks.
[2026-04-29T12:21:13.916Z] 4-2 イスパニア艦隊: found #3 一一一待玉 after 39 checks.
[2026-04-29T12:21:13.916Z] 4-2 イスパニア艦隊: found #4 一一一搦待 after 48 checks.
[2026-04-29T12:21:13.917Z] 4-2 イスパニア艦隊: found #5 一一一搦飛 after 54 checks.
[2026-04-29T12:21:13.918Z] 4-2 イスパニア艦隊: done (54 checks, wins=5, stopReason=sample-limit).
[2026-04-29T12:21:13.918Z] 5-1 ゾルゲイド: search start (pool=一刺果待搦玉強速拳飛奏焦, bosses=1, bossIndexes=all, kamiwazaLimit=1, seeds=0, require=-, sampleLimit=5, maxChecks=none).
[2026-04-29T12:21:13.920Z] 5-1 ゾルゲイド: found #1 一一一玉速 after 68 checks.
[2026-04-29T12:21:13.923Z] 5-1 ゾルゲイド: found #2 一一刺玉速 after 212 checks.
[2026-04-29T12:21:13.926Z] 5-1 ゾルゲイド: found #3 一一果玉速 after 356 checks.
[2026-04-29T12:21:13.928Z] 5-1 ゾルゲイド: found #4 一一待玉速 after 500 checks.
[2026-04-29T12:21:13.931Z] 5-1 ゾルゲイド: found #5 一一搦玉速 after 644 checks.
[2026-04-29T12:21:13.932Z] 5-1 ゾルゲイド: done (644 checks, wins=5, stopReason=sample-limit).
[2026-04-29T12:21:13.932Z] 5-2 エルダゾルゲイド: search start (pool=一刺果待搦玉強速拳飛奏焦, bosses=1, bossIndexes=all, kamiwazaLimit=1, seeds=0, require=-, sampleLimit=5, maxChecks=none).
[2026-04-29T12:21:13.933Z] 5-2 エルダゾルゲイド: found #1 一一一一果 after 3 checks.
[2026-04-29T12:21:13.934Z] 5-2 エルダゾルゲイド: found #2 一一一果果 after 27 checks.
[2026-04-29T12:21:13.935Z] 5-2 エルダゾルゲイド: found #3 一一一待果 after 39 checks.
[2026-04-29T12:21:13.936Z] 5-2 エルダゾルゲイド: found #4 一一一搦果 after 51 checks.
[2026-04-29T12:21:13.937Z] 5-2 エルダゾルゲイド: found #5 一一一玉果 after 63 checks.
[2026-04-29T12:21:13.938Z] 5-2 エルダゾルゲイド: done (63 checks, wins=5, stopReason=sample-limit).
[2026-04-29T12:21:13.938Z] 6-1 クラーケン: search start (pool=一刺果待搦玉強速拳飛奏焦毒, bosses=1, bossIndexes=all, kamiwazaLimit=1, seeds=0, require=-, sampleLimit=5, maxChecks=none).
[2026-04-29T12:21:13.940Z] 6-1 クラーケン: found #1 一一一玉一 after 66 checks.
[2026-04-29T12:21:13.941Z] 6-1 クラーケン: found #2 一一一玉刺 after 67 checks.
[2026-04-29T12:21:13.941Z] 6-1 クラーケン: found #3 一一一玉果 after 68 checks.
[2026-04-29T12:21:13.941Z] 6-1 クラーケン: found #4 一一一玉待 after 69 checks.
[2026-04-29T12:21:13.942Z] 6-1 クラーケン: found #5 一一一玉搦 after 70 checks.
[2026-04-29T12:21:13.943Z] 6-1 クラーケン: done (70 checks, wins=5, stopReason=sample-limit).
[2026-04-29T12:21:13.943Z] 6-2 ゴルゾアの胃袋: search start (pool=一刺果待搦玉強速拳飛奏焦毒, bosses=1, bossIndexes=all, kamiwazaLimit=1, seeds=0, require=-, sampleLimit=5, maxChecks=none).
[2026-04-29T12:21:13.967Z] 6-2 ゴルゾアの胃袋: found #1 一一玉待毒 after 897 checks.
[2026-04-29T12:21:14.017Z] 6-2 ゴルゾアの胃袋: found #2 一刺玉待毒 after 3094 checks.
[2026-04-29T12:21:14.064Z] 6-2 ゴルゾアの胃袋: found #3 一果玉待毒 after 5291 checks.
[2026-04-29T12:21:14.112Z] 6-2 ゴルゾアの胃袋: found #4 一待玉待毒 after 7488 checks.
[2026-04-29T12:21:14.155Z] 6-2 ゴルゾアの胃袋: found #5 一搦待待毒 after 9347 checks.
[2026-04-29T12:21:14.156Z] 6-2 ゴルゾアの胃袋: done (9347 checks, wins=5, stopReason=sample-limit).
[2026-04-29T12:21:14.156Z] 7-1 バクバク: search start (pool=一刺果待搦玉強速拳飛奏焦毒礁狼, bosses=1, bossIndexes=all, kamiwazaLimit=1, seeds=0, require=-, sampleLimit=5, maxChecks=none).
[2026-04-29T12:21:16.643Z] 7-1 バクバク: found #1 待刺強一狼 after 152867 checks.
[2026-04-29T12:21:16.643Z] 7-1 バクバク: found #2 待刺強刺狼 after 152882 checks.
[2026-04-29T12:21:16.644Z] 7-1 バクバク: found #3 待刺強果狼 after 152897 checks.
[2026-04-29T12:21:16.645Z] 7-1 バクバク: found #4 待刺強待狼 after 152912 checks.
[2026-04-29T12:21:16.645Z] 7-1 バクバク: found #5 待刺強搦狼 after 152927 checks.
[2026-04-29T12:21:16.646Z] 7-1 バクバク: done (152927 checks, wins=5, stopReason=sample-limit).
[2026-04-29T12:21:16.647Z] 7-2 死者の群れ: search start (pool=一刺果待搦玉強速拳飛奏焦毒礁▽, bosses=1, bossIndexes=all, kamiwazaLimit=1, seeds=0, require=-, sampleLimit=5, maxChecks=none).
[2026-04-29T12:21:20.393Z] 7-2 死者の群れ: found #1 待待待待▽ after 158904 checks.
[2026-04-29T12:21:20.394Z] 7-2 死者の群れ: found #2 待待待搦▽ after 158919 checks.
[2026-04-29T12:21:20.395Z] 7-2 死者の群れ: found #3 待待待玉▽ after 158934 checks.
[2026-04-29T12:21:20.395Z] 7-2 死者の群れ: found #4 待待待強▽ after 158949 checks.
[2026-04-29T12:21:20.396Z] 7-2 死者の群れ: found #5 待待待速▽ after 158964 checks.
[2026-04-29T12:21:20.397Z] 7-2 死者の群れ: done (158964 checks, wins=5, stopReason=sample-limit).
[2026-04-29T12:21:20.397Z] 8-1 死霊船 黒潮号: search start (pool=一刺果待搦玉強速拳飛奏焦毒礁霊爆, bosses=1, bossIndexes=all, kamiwazaLimit=1, seeds=0, require=-, sampleLimit=5, maxChecks=none).
[2026-04-29T12:21:20.400Z] 8-1 死霊船 黒潮号: found #1 一一一待爆 after 64 checks.
[2026-04-29T12:21:20.400Z] 8-1 死霊船 黒潮号: found #2 一一一搦爆 after 80 checks.
[2026-04-29T12:21:20.401Z] 8-1 死霊船 黒潮号: found #3 一一一玉爆 after 96 checks.
[2026-04-29T12:21:20.402Z] 8-1 死霊船 黒潮号: found #4 一一一強爆 after 112 checks.
[2026-04-29T12:21:20.403Z] 8-1 死霊船 黒潮号: found #5 一一一速爆 after 128 checks.
[2026-04-29T12:21:20.403Z] 8-1 死霊船 黒潮号: done (128 checks, wins=5, stopReason=sample-limit).
[2026-04-29T12:21:20.404Z] 8-2 ブライニクル: search start (pool=一刺果待搦玉強速拳飛奏焦毒礁霊魔, bosses=1, bossIndexes=all, kamiwazaLimit=1, seeds=0, require=-, sampleLimit=5, maxChecks=none).
[2026-04-29T12:21:24.901Z] 8-2 ブライニクル: found #1 待待毒一刺 after 207587 checks.
[2026-04-29T12:21:24.901Z] 8-2 ブライニクル: found #2 待待毒一果 after 207588 checks.
[2026-04-29T12:21:24.902Z] 8-2 ブライニクル: found #3 待待毒一待 after 207589 checks.
[2026-04-29T12:21:24.902Z] 8-2 ブライニクル: found #4 待待毒一搦 after 207590 checks.
[2026-04-29T12:21:24.902Z] 8-2 ブライニクル: found #5 待待毒一玉 after 207591 checks.
[2026-04-29T12:21:24.903Z] 8-2 ブライニクル: done (207591 checks, wins=5, stopReason=sample-limit).
[2026-04-29T12:21:24.903Z] 9-1 廃都の守護者: search start (pool=一刺果待搦玉強速拳飛奏焦毒礁狼▽霊爆魔円, bosses=1, bossIndexes=all, kamiwazaLimit=1, seeds=0, require=-, sampleLimit=5, maxChecks=none).
[2026-04-29T12:21:25.025Z] 9-1 廃都の守護者: found #1 一刺一搦飛 after 7258 checks.
[2026-04-29T12:21:25.026Z] 9-1 廃都の守護者: found #2 一刺一玉狼 after 7283 checks.
[2026-04-29T12:21:25.033Z] 9-1 廃都の守護者: found #3 一刺刺搦飛 after 7642 checks.
[2026-04-29T12:21:25.034Z] 9-1 廃都の守護者: found #4 一刺刺玉狼 after 7667 checks.
[2026-04-29T12:21:25.040Z] 9-1 廃都の守護者: found #5 一刺果搦飛 after 8026 checks.
[2026-04-29T12:21:25.041Z] 9-1 廃都の守護者: done (8026 checks, wins=5, stopReason=sample-limit).
[2026-04-29T12:21:25.041Z] 9-2 深海の賢王 ジズ: search start (pool=一刺果待搦玉強速拳飛奏焦毒礁狼▽霊爆魔円, bosses=1, bossIndexes=all, kamiwazaLimit=1, seeds=0, require=-, sampleLimit=5, maxChecks=none).
[2026-04-29T12:21:25.226Z] 9-2 深海の賢王 ジズ: found #1 一一霊玉狼 after 6003 checks.
[2026-04-29T12:21:25.226Z] 9-2 深海の賢王 ジズ: found #2 一一霊玉▽ after 6004 checks.
[2026-04-29T12:21:25.443Z] 9-2 深海の賢王 ジズ: found #3 一刺霊玉狼 after 13171 checks.
[2026-04-29T12:21:25.444Z] 9-2 深海の賢王 ジズ: found #4 一刺霊玉▽ after 13172 checks.
[2026-04-29T12:21:25.663Z] 9-2 深海の賢王 ジズ: found #5 一果霊玉狼 after 20339 checks.
[2026-04-29T12:21:25.664Z] 9-2 深海の賢王 ジズ: done (20339 checks, wins=5, stopReason=sample-limit).
[2026-04-29T12:21:25.665Z] 10-1 ゾルゲイドクイーン: search start (pool=一刺果待搦玉強速拳飛奏焦毒礁狼▽霊爆魔円滅, bosses=1, bossIndexes=all, kamiwazaLimit=1, seeds=0, require=-, sampleLimit=5, maxChecks=none).
[2026-04-29T12:21:25.698Z] 10-1 ゾルゲイドクイーン: found #1 一一搦刺飛 after 1731 checks.
[2026-04-29T12:21:25.699Z] 10-1 ゾルゲイドクイーン: found #2 一一搦果▽ after 1758 checks.
[2026-04-29T12:21:25.700Z] 10-1 ゾルゲイドクイーン: found #3 一一搦待拳 after 1772 checks.
[2026-04-29T12:21:25.701Z] 10-1 ゾルゲイドクイーン: found #4 一一搦待▽ after 1779 checks.
[2026-04-29T12:21:25.701Z] 10-1 ゾルゲイドクイーン: found #5 一一搦搦▽ after 1800 checks.
[2026-04-29T12:21:25.702Z] 10-1 ゾルゲイドクイーン: done (1800 checks, wins=5, stopReason=sample-limit).
[2026-04-29T12:21:25.702Z] 10-2 デザインド・エッグ号: search start (pool=一刺果待搦玉強速拳飛奏焦毒礁狼▽霊爆魔円滅, bosses=1, bossIndexes=all, kamiwazaLimit=1, seeds=0, require=-, sampleLimit=5, maxChecks=none).
[2026-04-29T12:21:25.738Z] 10-2 デザインド・エッグ号: found #1 一一搦飛狼 after 1904 checks.
[2026-04-29T12:21:25.882Z] 10-2 デザインド・エッグ号: found #2 一刺搦飛狼 after 10285 checks.
[2026-04-29T12:21:26.028Z] 10-2 デザインド・エッグ号: found #3 一果搦飛狼 after 18666 checks.
[2026-04-29T12:21:26.169Z] 10-2 デザインド・エッグ号: found #4 一待待礁霊 after 26708 checks.
[2026-04-29T12:21:26.170Z] 10-2 デザインド・エッグ号: found #5 一待待霊礁 after 26760 checks.
[2026-04-29T12:21:26.171Z] 10-2 デザインド・エッグ号: done (26760 checks, wins=5, stopReason=sample-limit).
[2026-04-29T12:21:26.171Z] 11-1 エーヴィス海賊団: search start (pool=一刺果待搦玉強速拳飛奏焦毒礁狼霊円滅受, bosses=1, bossIndexes=all, kamiwazaLimit=1, seeds=0, require=-, sampleLimit=5, maxChecks=none).
[2026-04-29T12:21:27.254Z] 11-1 エーヴィス海賊団: found #1 一強一霊果 after 41111 checks.
[2026-04-29T12:21:27.254Z] 11-1 エーヴィス海賊団: found #2 一強一霊狼 after 41123 checks.
[2026-04-29T12:21:27.262Z] 11-1 エーヴィス海賊団: found #3 一強刺霊果 after 41471 checks.
[2026-04-29T12:21:27.263Z] 11-1 エーヴィス海賊団: found #4 一強刺霊狼 after 41483 checks.
[2026-04-29T12:21:27.271Z] 11-1 エーヴィス海賊団: found #5 一強果霊果 after 41831 checks.
[2026-04-29T12:21:27.272Z] 11-1 エーヴィス海賊団: done (41831 checks, wins=5, stopReason=sample-limit).
[2026-04-29T12:21:27.273Z] 11-2 大海賊 エーヴィス: search start (pool=一刺果待搦玉強速拳飛奏焦毒礁霊魔円滅受, bosses=1, bossIndexes=all, kamiwazaLimit=1, seeds=0, require=-, sampleLimit=5, maxChecks=none).
[2026-04-29T12:21:31.660Z] 11-2 大海賊 エーヴィス: progress 250000 checks, wins=0.
[2026-04-29T12:21:34.108Z] 11-2 大海賊 エーヴィス: found #1 待一礁礁玉 after 389845 checks.
[2026-04-29T12:21:34.227Z] 11-2 大海賊 エーヴィス: found #2 待刺礁礁玉 after 396649 checks.
[2026-04-29T12:21:34.347Z] 11-2 大海賊 エーヴィス: found #3 待果礁礁玉 after 403453 checks.
[2026-04-29T12:21:34.470Z] 11-2 大海賊 エーヴィス: found #4 待待礁礁玉 after 410257 checks.
[2026-04-29T12:21:34.592Z] 11-2 大海賊 エーヴィス: found #5 待搦礁礁玉 after 417061 checks.
[2026-04-29T12:21:34.593Z] 11-2 大海賊 エーヴィス: done (417061 checks, wins=5, stopReason=sample-limit).
[2026-04-29T12:21:34.594Z] 12-1 偽聖女 リザベル: search start (pool=一刺果待搦玉強速拳飛奏焦毒礁狼▽霊爆魔円滅受死, bosses=1, bossIndexes=all, kamiwazaLimit=1, seeds=0, require=-, sampleLimit=5, maxChecks=none).
[2026-04-29T12:21:34.763Z] 12-1 偽聖女 リザベル: found #1 一一礁受▽ after 7152 checks.
[2026-04-29T12:21:35.021Z] 12-1 偽聖女 リザベル: found #2 一刺礁受▽ after 18343 checks.
[2026-04-29T12:21:35.281Z] 12-1 偽聖女 リザベル: found #3 一果礁受▽ after 29534 checks.
[2026-04-29T12:21:35.537Z] 12-1 偽聖女 リザベル: found #4 一待礁受▽ after 40725 checks.
[2026-04-29T12:21:35.796Z] 12-1 偽聖女 リザベル: found #5 一搦礁受▽ after 51916 checks.
[2026-04-29T12:21:35.797Z] 12-1 偽聖女 リザベル: done (51916 checks, wins=5, stopReason=sample-limit).
[2026-04-29T12:21:35.798Z] 12-2#1 魔女 グリザーベルク: search start (pool=一刺果待搦玉強速拳飛奏焦毒礁狼▽霊爆魔円滅受死, bosses=1, bossIndexes=1, kamiwazaLimit=1, seeds=0, require=-, sampleLimit=5, maxChecks=none).
[2026-04-29T12:21:35.811Z] 12-2#1 魔女 グリザーベルク: found #1 一一刺飛礁 after 734 checks.
[2026-04-29T12:21:35.813Z] 12-2#1 魔女 グリザーベルク: found #2 一一刺礁飛 after 822 checks.
[2026-04-29T12:21:35.819Z] 12-2#1 魔女 グリザーベルク: found #3 一一果飛礁 after 1247 checks.
[2026-04-29T12:21:35.821Z] 12-2#1 魔女 グリザーベルク: found #4 一一果礁飛 after 1335 checks.
[2026-04-29T12:21:35.827Z] 12-2#1 魔女 グリザーベルク: found #5 一一待飛礁 after 1760 checks.
[2026-04-29T12:21:35.828Z] 12-2#1 魔女 グリザーベルク: done (1760 checks, wins=5, stopReason=sample-limit).
[2026-04-29T12:21:35.829Z] 12-2#2 魔女 グリザーベルク: search start (pool=一刺果待搦玉強速拳飛奏焦毒礁狼▽霊爆魔円滅受死, bosses=1, bossIndexes=2, kamiwazaLimit=1, seeds=0, require=-, sampleLimit=5, maxChecks=none).
[2026-04-29T12:21:35.865Z] 12-2#2 魔女 グリザーベルク: found #1 一一果一狼 after 1041 checks.
[2026-04-29T12:21:35.866Z] 12-2#2 魔女 グリザーベルク: found #2 一一果刺狼 after 1064 checks.
[2026-04-29T12:21:35.867Z] 12-2#2 魔女 グリザーベルク: found #3 一一果果狼 after 1087 checks.
[2026-04-29T12:21:35.868Z] 12-2#2 魔女 グリザーベルク: found #4 一一果待狼 after 1110 checks.
[2026-04-29T12:21:35.869Z] 12-2#2 魔女 グリザーベルク: found #5 一一果搦狼 after 1133 checks.
[2026-04-29T12:21:35.870Z] 12-2#2 魔女 グリザーベルク: done (1133 checks, wins=5, stopReason=sample-limit).
[2026-04-29T12:21:35.870Z] 12-2#3 魔女 グリザーベルク: search start (pool=一刺果待搦玉強速拳飛奏焦毒礁狼▽霊爆魔円滅受死, bosses=1, bossIndexes=3, kamiwazaLimit=1, seeds=0, require=-, sampleLimit=5, maxChecks=none).
[2026-04-29T12:21:36.100Z] 12-2#3 魔女 グリザーベルク: found #1 一刺搦果飛 after 13299 checks.
[2026-04-29T12:21:36.101Z] 12-2#3 魔女 グリザーベルク: found #2 一刺搦待果 after 13315 checks.
[2026-04-29T12:21:36.102Z] 12-2#3 魔女 グリザーベルク: found #3 一刺搦搦果 after 13338 checks.
[2026-04-29T12:21:36.102Z] 12-2#3 魔女 グリザーベルク: found #4 一刺搦玉果 after 13361 checks.
[2026-04-29T12:21:36.104Z] 12-2#3 魔女 グリザーベルク: found #5 一刺搦飛果 after 13453 checks.
[2026-04-29T12:21:36.105Z] 12-2#3 魔女 グリザーベルク: done (13453 checks, wins=5, stopReason=sample-limit).
[2026-04-29T12:21:36.106Z] 12-3 魔女 グリザーベルク: search start (pool=一刺果待搦玉強速拳飛奏焦毒礁狼▽霊爆魔円滅受死, bosses=1, bossIndexes=all, kamiwazaLimit=1, seeds=0, require=-, sampleLimit=5, maxChecks=none).
[2026-04-29T12:21:39.215Z] 12-3 魔女 グリザーベルク: progress 250000 checks, wins=0.
[2026-04-29T12:21:42.331Z] 12-3 魔女 グリザーベルク: progress 500000 checks, wins=0.
[2026-04-29T12:21:45.432Z] 12-3 魔女 グリザーベルク: progress 750000 checks, wins=0.
[2026-04-29T12:21:48.610Z] 12-3 魔女 グリザーベルク: progress 1000000 checks, wins=0.
[2026-04-29T12:21:49.562Z] 12-3 魔女 グリザーベルク: found #1 搦飛霊魔死 after 1069304 checks.
[2026-04-29T12:21:49.576Z] 12-3 魔女 グリザーベルク: found #2 搦飛魔霊死 after 1070042 checks.
[2026-04-29T12:21:49.578Z] 12-3 魔女 グリザーベルク: found #3 搦飛魔死霊 after 1070114 checks.
[2026-04-29T12:21:50.479Z] 12-3 魔女 グリザーベルク: found #4 搦霊飛魔死 after 1135690 checks.
[2026-04-29T12:21:50.592Z] 12-3 魔女 グリザーベルク: found #5 搦霊魔飛死 after 1139620 checks.
[2026-04-29T12:21:50.593Z] 12-3 魔女 グリザーベルク: done (1139620 checks, wins=5, stopReason=sample-limit).
