[2026-04-29T11:18:37.567Z] 1-1 ルーサー: search start (pool=一刺果待搦玉強速, bosses=1, bossIndexes=all, kamiwazaLimit=1, seeds=0, require=-, sampleLimit=5, maxChecks=none).
[2026-04-29T11:18:37.576Z] 1-1 ルーサー: found #1 一一一待一 after 25 checks.
[2026-04-29T11:18:37.577Z] 1-1 ルーサー: found #2 一一一待刺 after 26 checks.
[2026-04-29T11:18:37.578Z] 1-1 ルーサー: found #3 一一一待果 after 27 checks.
[2026-04-29T11:18:37.578Z] 1-1 ルーサー: found #4 一一一待待 after 28 checks.
[2026-04-29T11:18:37.581Z] 1-1 ルーサー: found #5 一一一速玉 after 62 checks.
[2026-04-29T11:18:37.583Z] 1-1 ルーサー: done (62 checks, wins=5, stopReason=sample-limit).
[2026-04-29T11:18:37.583Z] 1-2 肉厚な魚: search start (pool=一刺果待搦玉強速, bosses=1, bossIndexes=all, kamiwazaLimit=1, seeds=0, require=-, sampleLimit=5, maxChecks=none).
[2026-04-29T11:18:37.586Z] 1-2 肉厚な魚: found #1 一一一玉速 after 48 checks.
[2026-04-29T11:18:37.587Z] 1-2 肉厚な魚: found #2 一一一強果 after 51 checks.
[2026-04-29T11:18:37.587Z] 1-2 肉厚な魚: found #3 一一一強玉 after 54 checks.
[2026-04-29T11:18:37.588Z] 1-2 肉厚な魚: found #4 一一一速玉 after 62 checks.
[2026-04-29T11:18:37.589Z] 1-2 肉厚な魚: found #5 一一刺待一 after 89 checks.
[2026-04-29T11:18:37.590Z] 1-2 肉厚な魚: done (89 checks, wins=5, stopReason=sample-limit).
[2026-04-29T11:18:37.590Z] 2-1 血に飢えたジョーズ: search start (pool=一刺果待搦玉強速拳, bosses=1, bossIndexes=all, kamiwazaLimit=1, seeds=0, require=-, sampleLimit=5, maxChecks=none).
[2026-04-29T11:18:37.591Z] 2-1 血に飢えたジョーズ: found #1 一一一一玉 after 6 checks.
[2026-04-29T11:18:37.592Z] 2-1 血に飢えたジョーズ: found #2 一一一刺玉 after 15 checks.
[2026-04-29T11:18:37.592Z] 2-1 血に飢えたジョーズ: found #3 一一一果玉 after 24 checks.
[2026-04-29T11:18:37.593Z] 2-1 血に飢えたジョーズ: found #4 一一一待玉 after 33 checks.
[2026-04-29T11:18:37.594Z] 2-1 血に飢えたジョーズ: found #5 一一一玉一 after 46 checks.
[2026-04-29T11:18:37.595Z] 2-1 血に飢えたジョーズ: done (46 checks, wins=5, stopReason=sample-limit).
[2026-04-29T11:18:37.595Z] 2-2 弱者狩りのハゲタカ: search start (pool=一刺果待搦玉強速拳, bosses=1, bossIndexes=all, kamiwazaLimit=1, seeds=0, require=-, sampleLimit=5, maxChecks=none).
[2026-04-29T11:18:37.596Z] 2-2 弱者狩りのハゲタカ: found #1 一一一一待 after 4 checks.
[2026-04-29T11:18:37.596Z] 2-2 弱者狩りのハゲタカ: found #2 一一一刺待 after 13 checks.
[2026-04-29T11:18:37.597Z] 2-2 弱者狩りのハゲタカ: found #3 一一一果待 after 22 checks.
[2026-04-29T11:18:37.598Z] 2-2 弱者狩りのハゲタカ: found #4 一一一待一 after 28 checks.
[2026-04-29T11:18:37.598Z] 2-2 弱者狩りのハゲタカ: found #5 一一一待刺 after 29 checks.
[2026-04-29T11:18:37.599Z] 2-2 弱者狩りのハゲタカ: done (29 checks, wins=5, stopReason=sample-limit).
[2026-04-29T11:18:37.599Z] 3-1 デザインド・エッグ号: search start (pool=一刺果待搦玉強速拳飛, bosses=1, bossIndexes=all, kamiwazaLimit=1, seeds=0, require=-, sampleLimit=5, maxChecks=none).
[2026-04-29T11:18:37.600Z] 3-1 デザインド・エッグ号: found #1 一一一一飛 after 10 checks.
[2026-04-29T11:18:37.601Z] 3-1 デザインド・エッグ号: found #2 一一一刺飛 after 20 checks.
[2026-04-29T11:18:37.601Z] 3-1 デザインド・エッグ号: found #3 一一一果飛 after 30 checks.
[2026-04-29T11:18:37.602Z] 3-1 デザインド・エッグ号: found #4 一一一待待 after 34 checks.
[2026-04-29T11:18:37.603Z] 3-1 デザインド・エッグ号: found #5 一一一待飛 after 40 checks.
[2026-04-29T11:18:37.603Z] 3-1 デザインド・エッグ号: done (40 checks, wins=5, stopReason=sample-limit).
[2026-04-29T11:18:37.604Z] 3-2 エーヴィス: search start (pool=一刺果待搦玉強速拳飛, bosses=1, bossIndexes=all, kamiwazaLimit=1, seeds=0, require=-, sampleLimit=5, maxChecks=none).
[2026-04-29T11:18:37.695Z] 3-2 エーヴィス: found #1 一待待一速 after 3308 checks.
[2026-04-29T11:18:37.696Z] 3-2 エーヴィス: found #2 一待待待一 after 3331 checks.
[2026-04-29T11:18:37.696Z] 3-2 エーヴィス: found #3 一待待待刺 after 3332 checks.
[2026-04-29T11:18:37.697Z] 3-2 エーヴィス: found #4 一待待搦一 after 3341 checks.
[2026-04-29T11:18:37.697Z] 3-2 エーヴィス: found #5 一待待搦刺 after 3342 checks.
[2026-04-29T11:18:37.698Z] 3-2 エーヴィス: done (3342 checks, wins=5, stopReason=sample-limit).
[2026-04-29T11:18:37.698Z] 4-1 ラ・マンチャ号: search start (pool=一刺果待搦玉強速拳飛奏, bosses=1, bossIndexes=all, kamiwazaLimit=1, seeds=0, require=-, sampleLimit=5, maxChecks=none).
[2026-04-29T11:18:37.699Z] 4-1 ラ・マンチャ号: found #1 一一一待一 after 34 checks.
[2026-04-29T11:18:37.699Z] 4-1 ラ・マンチャ号: found #2 一一一待刺 after 35 checks.
[2026-04-29T11:18:37.700Z] 4-1 ラ・マンチャ号: found #3 一一一待果 after 36 checks.
[2026-04-29T11:18:37.700Z] 4-1 ラ・マンチャ号: found #4 一一一待待 after 37 checks.
[2026-04-29T11:18:37.700Z] 4-1 ラ・マンチャ号: found #5 一一一待玉 after 39 checks.
[2026-04-29T11:18:37.701Z] 4-1 ラ・マンチャ号: done (39 checks, wins=5, stopReason=sample-limit).
[2026-04-29T11:18:37.702Z] 4-2 イスパニア艦隊: search start (pool=一刺果待搦玉強速拳飛奏, bosses=1, bossIndexes=all, kamiwazaLimit=1, seeds=0, require=-, sampleLimit=5, maxChecks=none).
[2026-04-29T11:18:37.703Z] 4-2 イスパニア艦隊: found #1 一一一一飛 after 10 checks.
[2026-04-29T11:18:37.704Z] 4-2 イスパニア艦隊: found #2 一一一刺飛 after 21 checks.
[2026-04-29T11:18:37.704Z] 4-2 イスパニア艦隊: found #3 一一一果飛 after 32 checks.
[2026-04-29T11:18:37.705Z] 4-2 イスパニア艦隊: found #4 一一一待待 after 37 checks.
[2026-04-29T11:18:37.705Z] 4-2 イスパニア艦隊: found #5 一一一待搦 after 38 checks.
[2026-04-29T11:18:37.706Z] 4-2 イスパニア艦隊: done (38 checks, wins=5, stopReason=sample-limit).
[2026-04-29T11:18:37.706Z] 5-1 ゾルゲイド: search start (pool=一刺果待搦玉強速拳飛奏焦, bosses=1, bossIndexes=all, kamiwazaLimit=1, seeds=0, require=-, sampleLimit=5, maxChecks=none).
[2026-04-29T11:18:37.708Z] 5-1 ゾルゲイド: found #1 一一一玉速 after 68 checks.
[2026-04-29T11:18:37.711Z] 5-1 ゾルゲイド: found #2 一一刺玉速 after 212 checks.
[2026-04-29T11:18:37.714Z] 5-1 ゾルゲイド: found #3 一一果玉速 after 356 checks.
[2026-04-29T11:18:37.716Z] 5-1 ゾルゲイド: found #4 一一待玉速 after 500 checks.
[2026-04-29T11:18:37.719Z] 5-1 ゾルゲイド: found #5 一一搦玉速 after 644 checks.
[2026-04-29T11:18:37.720Z] 5-1 ゾルゲイド: done (644 checks, wins=5, stopReason=sample-limit).
[2026-04-29T11:18:37.720Z] 5-2 エルダゾルゲイド: search start (pool=一刺果待搦玉強速拳飛奏焦, bosses=1, bossIndexes=all, kamiwazaLimit=1, seeds=0, require=-, sampleLimit=5, maxChecks=none).
[2026-04-29T11:18:37.721Z] 5-2 エルダゾルゲイド: found #1 一一一一果 after 3 checks.
[2026-04-29T11:18:37.723Z] 5-2 エルダゾルゲイド: found #2 一一一果果 after 27 checks.
[2026-04-29T11:18:37.724Z] 5-2 エルダゾルゲイド: found #3 一一一待果 after 39 checks.
[2026-04-29T11:18:37.725Z] 5-2 エルダゾルゲイド: found #4 一一一搦果 after 51 checks.
[2026-04-29T11:18:37.726Z] 5-2 エルダゾルゲイド: found #5 一一一玉果 after 63 checks.
[2026-04-29T11:18:37.727Z] 5-2 エルダゾルゲイド: done (63 checks, wins=5, stopReason=sample-limit).
[2026-04-29T11:18:37.727Z] 6-1 クラーケン: search start (pool=一刺果待搦玉強速拳飛奏焦毒, bosses=1, bossIndexes=all, kamiwazaLimit=1, seeds=0, require=-, sampleLimit=5, maxChecks=none).
[2026-04-29T11:18:37.729Z] 6-1 クラーケン: found #1 一一一玉一 after 66 checks.
[2026-04-29T11:18:37.729Z] 6-1 クラーケン: found #2 一一一玉刺 after 67 checks.
[2026-04-29T11:18:37.729Z] 6-1 クラーケン: found #3 一一一玉果 after 68 checks.
[2026-04-29T11:18:37.730Z] 6-1 クラーケン: found #4 一一一玉待 after 69 checks.
[2026-04-29T11:18:37.730Z] 6-1 クラーケン: found #5 一一一玉搦 after 70 checks.
[2026-04-29T11:18:37.731Z] 6-1 クラーケン: done (70 checks, wins=5, stopReason=sample-limit).
[2026-04-29T11:18:37.731Z] 6-2 ゴルゾアの胃袋: search start (pool=一刺果待搦玉強速拳飛奏焦毒, bosses=1, bossIndexes=all, kamiwazaLimit=1, seeds=0, require=-, sampleLimit=5, maxChecks=none).
[2026-04-29T11:18:37.754Z] 6-2 ゴルゾアの胃袋: found #1 一一玉待毒 after 897 checks.
[2026-04-29T11:18:37.804Z] 6-2 ゴルゾアの胃袋: found #2 一刺玉待毒 after 3094 checks.
[2026-04-29T11:18:37.853Z] 6-2 ゴルゾアの胃袋: found #3 一果玉待毒 after 5291 checks.
[2026-04-29T11:18:37.903Z] 6-2 ゴルゾアの胃袋: found #4 一待玉待毒 after 7488 checks.
[2026-04-29T11:18:37.946Z] 6-2 ゴルゾアの胃袋: found #5 一搦待待毒 after 9347 checks.
[2026-04-29T11:18:37.947Z] 6-2 ゴルゾアの胃袋: done (9347 checks, wins=5, stopReason=sample-limit).
[2026-04-29T11:18:37.948Z] 7-1 バクバク: search start (pool=一刺果待搦玉強速拳飛奏焦毒礁狼, bosses=1, bossIndexes=all, kamiwazaLimit=1, seeds=0, require=-, sampleLimit=5, maxChecks=none).
[2026-04-29T11:18:40.414Z] 7-1 バクバク: found #1 待刺強一狼 after 152867 checks.
[2026-04-29T11:18:40.415Z] 7-1 バクバク: found #2 待刺強刺狼 after 152882 checks.
[2026-04-29T11:18:40.415Z] 7-1 バクバク: found #3 待刺強果狼 after 152897 checks.
[2026-04-29T11:18:40.416Z] 7-1 バクバク: found #4 待刺強待狼 after 152912 checks.
[2026-04-29T11:18:40.417Z] 7-1 バクバク: found #5 待刺強搦狼 after 152927 checks.
[2026-04-29T11:18:40.417Z] 7-1 バクバク: done (152927 checks, wins=5, stopReason=sample-limit).
[2026-04-29T11:18:40.418Z] 7-2 死者の群れ: search start (pool=一刺果待搦玉強速拳飛奏焦毒礁▽, bosses=1, bossIndexes=all, kamiwazaLimit=1, seeds=0, require=-, sampleLimit=5, maxChecks=none).
[2026-04-29T11:18:44.265Z] 7-2 死者の群れ: found #1 待待待待▽ after 158904 checks.
[2026-04-29T11:18:44.266Z] 7-2 死者の群れ: found #2 待待待搦▽ after 158919 checks.
[2026-04-29T11:18:44.268Z] 7-2 死者の群れ: found #3 待待待玉▽ after 158934 checks.
[2026-04-29T11:18:44.270Z] 7-2 死者の群れ: found #4 待待待強▽ after 158949 checks.
[2026-04-29T11:18:44.271Z] 7-2 死者の群れ: found #5 待待待速▽ after 158964 checks.
[2026-04-29T11:18:44.272Z] 7-2 死者の群れ: done (158964 checks, wins=5, stopReason=sample-limit).
[2026-04-29T11:18:44.272Z] 8-1 死霊船 黒潮号: search start (pool=一刺果待搦玉強速拳飛奏焦毒礁霊爆, bosses=1, bossIndexes=all, kamiwazaLimit=1, seeds=0, require=-, sampleLimit=5, maxChecks=none).
[2026-04-29T11:18:44.275Z] 8-1 死霊船 黒潮号: found #1 一一一待爆 after 64 checks.
[2026-04-29T11:18:44.276Z] 8-1 死霊船 黒潮号: found #2 一一一搦爆 after 80 checks.
[2026-04-29T11:18:44.277Z] 8-1 死霊船 黒潮号: found #3 一一一玉爆 after 96 checks.
[2026-04-29T11:18:44.278Z] 8-1 死霊船 黒潮号: found #4 一一一強爆 after 112 checks.
[2026-04-29T11:18:44.279Z] 8-1 死霊船 黒潮号: found #5 一一一速爆 after 128 checks.
[2026-04-29T11:18:44.280Z] 8-1 死霊船 黒潮号: done (128 checks, wins=5, stopReason=sample-limit).
[2026-04-29T11:18:44.280Z] 8-2 ブライニクル: search start (pool=一刺果待搦玉強速拳飛奏焦毒礁霊魔, bosses=1, bossIndexes=all, kamiwazaLimit=1, seeds=0, require=-, sampleLimit=5, maxChecks=none).
[2026-04-29T11:18:44.289Z] 8-2 ブライニクル: found #1 一一一強果 after 99 checks.
[2026-04-29T11:18:44.299Z] 8-2 ブライニクル: found #2 一一刺刺果 after 274 checks.
[2026-04-29T11:18:44.300Z] 8-2 ブライニクル: found #3 一一刺刺強 after 278 checks.
[2026-04-29T11:18:44.300Z] 8-2 ブライニクル: found #4 一一刺果一 after 288 checks.
[2026-04-29T11:18:44.301Z] 8-2 ブライニクル: found #5 一一刺果刺 after 289 checks.
[2026-04-29T11:18:44.302Z] 8-2 ブライニクル: done (289 checks, wins=5, stopReason=sample-limit).
[2026-04-29T11:18:44.302Z] 9-1 廃都の守護者: search start (pool=一刺果待搦玉強速拳飛奏焦毒礁狼▽霊爆魔円, bosses=1, bossIndexes=all, kamiwazaLimit=1, seeds=0, require=-, sampleLimit=5, maxChecks=none).
[2026-04-29T11:18:44.438Z] 9-1 廃都の守護者: found #1 一刺一搦飛 after 7258 checks.
[2026-04-29T11:18:44.439Z] 9-1 廃都の守護者: found #2 一刺一玉狼 after 7283 checks.
[2026-04-29T11:18:44.445Z] 9-1 廃都の守護者: found #3 一刺刺搦飛 after 7642 checks.
[2026-04-29T11:18:44.446Z] 9-1 廃都の守護者: found #4 一刺刺玉狼 after 7667 checks.
[2026-04-29T11:18:44.453Z] 9-1 廃都の守護者: found #5 一刺果搦飛 after 8026 checks.
[2026-04-29T11:18:44.454Z] 9-1 廃都の守護者: done (8026 checks, wins=5, stopReason=sample-limit).
[2026-04-29T11:18:44.455Z] 9-2 深海の賢王 ジズ: search start (pool=一刺果待搦玉強速拳飛奏焦毒礁狼▽霊爆魔円, bosses=1, bossIndexes=all, kamiwazaLimit=1, seeds=0, require=-, sampleLimit=5, maxChecks=none).
[2026-04-29T11:18:44.575Z] 9-2 深海の賢王 ジズ: found #1 一一飛礁狼 after 3731 checks.
[2026-04-29T11:18:44.625Z] 9-2 深海の賢王 ジズ: found #2 一一礁飛狼 after 5187 checks.
[2026-04-29T11:18:44.817Z] 9-2 深海の賢王 ジズ: found #3 一刺飛礁狼 after 10899 checks.
[2026-04-29T11:18:44.866Z] 9-2 深海の賢王 ジズ: found #4 一刺礁飛狼 after 12355 checks.
[2026-04-29T11:18:45.077Z] 9-2 深海の賢王 ジズ: found #5 一果飛礁狼 after 18067 checks.
[2026-04-29T11:18:45.078Z] 9-2 深海の賢王 ジズ: done (18067 checks, wins=5, stopReason=sample-limit).
[2026-04-29T11:18:45.078Z] 10-1 ゾルゲイドクイーン: search start (pool=一刺果待搦玉強速拳飛奏焦毒礁狼▽霊爆魔円滅, bosses=1, bossIndexes=all, kamiwazaLimit=1, seeds=0, require=-, sampleLimit=5, maxChecks=none).
[2026-04-29T11:18:45.139Z] 10-1 ゾルゲイドクイーン: found #1 一一搦刺飛 after 1731 checks.
[2026-04-29T11:18:45.141Z] 10-1 ゾルゲイドクイーン: found #2 一一搦果▽ after 1758 checks.
[2026-04-29T11:18:45.142Z] 10-1 ゾルゲイドクイーン: found #3 一一搦待拳 after 1772 checks.
[2026-04-29T11:18:45.142Z] 10-1 ゾルゲイドクイーン: found #4 一一搦待▽ after 1779 checks.
[2026-04-29T11:18:45.144Z] 10-1 ゾルゲイドクイーン: found #5 一一搦搦▽ after 1800 checks.
[2026-04-29T11:18:45.145Z] 10-1 ゾルゲイドクイーン: done (1800 checks, wins=5, stopReason=sample-limit).
[2026-04-29T11:18:45.145Z] 10-2 デザインド・エッグ号: search start (pool=一刺果待搦玉強速拳飛奏焦毒礁狼▽霊爆魔円滅, bosses=1, bossIndexes=all, kamiwazaLimit=1, seeds=0, require=-, sampleLimit=5, maxChecks=none).
[2026-04-29T11:18:45.204Z] 10-2 デザインド・エッグ号: found #1 一一搦飛狼 after 1904 checks.
[2026-04-29T11:18:45.254Z] 10-2 デザインド・エッグ号: found #2 一一飛礁狼 after 4113 checks.
[2026-04-29T11:18:45.255Z] 10-2 デザインド・エッグ号: found #3 一一飛礁▽ after 4114 checks.
[2026-04-29T11:18:45.256Z] 10-2 デザインド・エッグ号: found #4 一一飛狼礁 after 4133 checks.
[2026-04-29T11:18:45.256Z] 10-2 デザインド・エッグ号: found #5 一一飛狼霊 after 4134 checks.
[2026-04-29T11:18:45.257Z] 10-2 デザインド・エッグ号: done (4134 checks, wins=5, stopReason=sample-limit).
[2026-04-29T11:18:45.257Z] 11-1 エーヴィス海賊団: search start (pool=一刺果待搦玉強速拳飛奏焦毒礁狼霊円滅受, bosses=1, bossIndexes=all, kamiwazaLimit=1, seeds=0, require=-, sampleLimit=5, maxChecks=none).
[2026-04-29T11:18:46.374Z] 11-1 エーヴィス海賊団: found #1 一強一霊果 after 41111 checks.
[2026-04-29T11:18:46.375Z] 11-1 エーヴィス海賊団: found #2 一強一霊狼 after 41123 checks.
[2026-04-29T11:18:46.383Z] 11-1 エーヴィス海賊団: found #3 一強刺霊果 after 41471 checks.
[2026-04-29T11:18:46.383Z] 11-1 エーヴィス海賊団: found #4 一強刺霊狼 after 41483 checks.
[2026-04-29T11:18:46.392Z] 11-1 エーヴィス海賊団: found #5 一強果霊果 after 41831 checks.
[2026-04-29T11:18:46.393Z] 11-1 エーヴィス海賊団: done (41831 checks, wins=5, stopReason=sample-limit).
[2026-04-29T11:18:46.393Z] 11-2 大海賊 エーヴィス: search start (pool=一刺果待搦玉強速拳飛奏焦毒礁霊魔円滅受, bosses=1, bossIndexes=all, kamiwazaLimit=1, seeds=0, require=-, sampleLimit=5, maxChecks=none).
[2026-04-29T11:18:51.075Z] 11-2 大海賊 エーヴィス: progress 250000 checks, wins=0.
[2026-04-29T11:18:53.895Z] 11-2 大海賊 エーヴィス: found #1 待一礁礁玉 after 389845 checks.
[2026-04-29T11:18:54.029Z] 11-2 大海賊 エーヴィス: found #2 待刺礁礁玉 after 396649 checks.
[2026-04-29T11:18:54.158Z] 11-2 大海賊 エーヴィス: found #3 待果礁礁玉 after 403453 checks.
[2026-04-29T11:18:54.288Z] 11-2 大海賊 エーヴィス: found #4 待待礁礁玉 after 410257 checks.
[2026-04-29T11:18:54.416Z] 11-2 大海賊 エーヴィス: found #5 待搦礁礁玉 after 417061 checks.
[2026-04-29T11:18:54.418Z] 11-2 大海賊 エーヴィス: done (417061 checks, wins=5, stopReason=sample-limit).
[2026-04-29T11:18:54.418Z] 12-1 偽聖女 リザベル: search start (pool=一刺果待搦玉強速拳飛奏焦毒礁狼▽霊爆魔円滅受死, bosses=1, bossIndexes=all, kamiwazaLimit=1, seeds=0, require=-, sampleLimit=5, maxChecks=none).
[2026-04-29T11:18:54.644Z] 12-1 偽聖女 リザベル: found #1 一一礁受▽ after 7152 checks.
[2026-04-29T11:18:54.952Z] 12-1 偽聖女 リザベル: found #2 一刺礁受▽ after 18343 checks.
[2026-04-29T11:18:55.257Z] 12-1 偽聖女 リザベル: found #3 一果礁受▽ after 29534 checks.
[2026-04-29T11:18:55.562Z] 12-1 偽聖女 リザベル: found #4 一待礁受▽ after 40725 checks.
[2026-04-29T11:18:55.848Z] 12-1 偽聖女 リザベル: found #5 一搦礁受▽ after 51916 checks.
[2026-04-29T11:18:55.849Z] 12-1 偽聖女 リザベル: done (51916 checks, wins=5, stopReason=sample-limit).
[2026-04-29T11:18:55.850Z] 12-2#1 魔女 グリザーベルク: search start (pool=一刺果待搦玉強速拳飛奏焦毒礁狼▽霊爆魔円滅受死, bosses=1, bossIndexes=1, kamiwazaLimit=1, seeds=0, require=-, sampleLimit=5, maxChecks=none).
[2026-04-29T11:18:55.863Z] 12-2#1 魔女 グリザーベルク: found #1 一一刺一飛 after 523 checks.
[2026-04-29T11:18:55.864Z] 12-2#1 魔女 グリザーベルク: found #2 一一刺刺飛 after 546 checks.
[2026-04-29T11:18:55.864Z] 12-2#1 魔女 グリザーベルク: found #3 一一刺果飛 after 569 checks.
[2026-04-29T11:18:55.865Z] 12-2#1 魔女 グリザーベルク: found #4 一一刺待飛 after 592 checks.
[2026-04-29T11:18:55.867Z] 12-2#1 魔女 グリザーベルク: found #5 一一刺搦飛 after 615 checks.
[2026-04-29T11:18:55.868Z] 12-2#1 魔女 グリザーベルク: done (615 checks, wins=5, stopReason=sample-limit).
[2026-04-29T11:18:55.869Z] 12-2#2 魔女 グリザーベルク: search start (pool=一刺果待搦玉強速拳飛奏焦毒礁狼▽霊爆魔円滅受死, bosses=1, bossIndexes=2, kamiwazaLimit=1, seeds=0, require=-, sampleLimit=5, maxChecks=none).
[2026-04-29T11:18:55.927Z] 12-2#2 魔女 グリザーベルク: found #1 一一果一狼 after 1041 checks.
[2026-04-29T11:18:55.929Z] 12-2#2 魔女 グリザーベルク: found #2 一一果刺狼 after 1064 checks.
[2026-04-29T11:18:55.930Z] 12-2#2 魔女 グリザーベルク: found #3 一一果果狼 after 1087 checks.
[2026-04-29T11:18:55.931Z] 12-2#2 魔女 グリザーベルク: found #4 一一果待狼 after 1110 checks.
[2026-04-29T11:18:55.933Z] 12-2#2 魔女 グリザーベルク: found #5 一一果搦狼 after 1133 checks.
[2026-04-29T11:18:55.935Z] 12-2#2 魔女 グリザーベルク: done (1133 checks, wins=5, stopReason=sample-limit).
[2026-04-29T11:18:55.935Z] 12-2#3 魔女 グリザーベルク: search start (pool=一刺果待搦玉強速拳飛奏焦毒礁狼▽霊爆魔円滅受死, bosses=1, bossIndexes=3, kamiwazaLimit=1, seeds=0, require=-, sampleLimit=5, maxChecks=none).
[2026-04-29T11:18:56.246Z] 12-2#3 魔女 グリザーベルク: found #1 一刺搦果飛 after 13299 checks.
[2026-04-29T11:18:56.247Z] 12-2#3 魔女 グリザーベルク: found #2 一刺搦待果 after 13315 checks.
[2026-04-29T11:18:56.248Z] 12-2#3 魔女 グリザーベルク: found #3 一刺搦搦果 after 13338 checks.
[2026-04-29T11:18:56.249Z] 12-2#3 魔女 グリザーベルク: found #4 一刺搦玉果 after 13361 checks.
[2026-04-29T11:18:56.253Z] 12-2#3 魔女 グリザーベルク: found #5 一刺搦飛果 after 13453 checks.
[2026-04-29T11:18:56.254Z] 12-2#3 魔女 グリザーベルク: done (13453 checks, wins=5, stopReason=sample-limit).
[2026-04-29T11:18:56.254Z] 12-3 魔女 グリザーベルク: search start (pool=一刺果待搦玉強速拳飛奏焦毒礁狼▽霊爆魔円滅受死, bosses=1, bossIndexes=all, kamiwazaLimit=1, seeds=0, require=-, sampleLimit=5, maxChecks=none).
[2026-04-29T11:18:59.821Z] 12-3 魔女 グリザーベルク: progress 250000 checks, wins=0.
[2026-04-29T11:19:03.220Z] 12-3 魔女 グリザーベルク: progress 500000 checks, wins=0.
[2026-04-29T11:19:06.637Z] 12-3 魔女 グリザーベルク: progress 750000 checks, wins=0.
[2026-04-29T11:19:10.072Z] 12-3 魔女 グリザーベルク: progress 1000000 checks, wins=0.
[2026-04-29T11:19:11.054Z] 12-3 魔女 グリザーベルク: found #1 搦飛霊魔死 after 1069304 checks.
[2026-04-29T11:19:11.070Z] 12-3 魔女 グリザーベルク: found #2 搦飛魔霊死 after 1070042 checks.
[2026-04-29T11:19:11.071Z] 12-3 魔女 グリザーベルク: found #3 搦飛魔死霊 after 1070114 checks.
[2026-04-29T11:19:12.067Z] 12-3 魔女 グリザーベルク: found #4 搦霊飛魔死 after 1135690 checks.
[2026-04-29T11:19:12.188Z] 12-3 魔女 グリザーベルク: found #5 搦霊魔飛死 after 1139620 checks.
[2026-04-29T11:19:12.189Z] 12-3 魔女 グリザーベルク: done (1139620 checks, wins=5, stopReason=sample-limit).
